warning: unused variable: `prev_backtrace`
   --> crates/vm/src/arch/segment.rs:122:9
    |
122 |         prev_backtrace: &mut Option<Backtrace>,
    |         ^^^^^^^^^^^^^^ help: if this is intentional, prefix it with an underscore: `_prev_backtrace`
    |
    = note: `#[warn(unused_variables)]` on by default

warning: method `alloc_record` is never used
   --> crates/vm/src/system/memory/adapter/mod.rs:294:19
    |
54  | impl<F: Clone + Send + Sync> AccessAdapterInventory<F> {
    | ------------------------------------------------------ method in this implementation
...
294 |     pub(crate) fn alloc_record(&mut self, layout: AccessLayout) -> AccessRecordMut {
    |                   ^^^^^^^^^^^^
    |
    = note: `#[warn(dead_code)]` on by default

warning: `openvm-circuit` (lib) generated 2 warnings
    Checking openvm-rv32im-circuit v1.4.0-rc.0 (/Users/arayi/Desktop/Everything/openvm/extensions/rv32im/circuit)
error[E0432]: unresolved import `openvm_circuit::arch::VmInventoryError`
 --> extensions/rv32im/circuit/src/extension.rs:9:44
  |
9 |         VmExecutionExtension, VmExtension, VmInventoryError, VmProverExtension,
  |                                            ^^^^^^^^^^^^^^^^
  |                                            |
  |                                            no `VmInventoryError` in `arch`
  |                                            help: a similar name exists in the module: `AirInventoryError`

error: cannot find derive macro `VmConfig` in this scope
  --> extensions/rv32im/circuit/src/lib.rs:41:24
   |
41 | #[derive(Clone, Debug, VmConfig, derive_new::new, Serialize, Deserialize)]
   |                        ^^^^^^^^
   |
help: consider importing this derive macro
   |
18 + use openvm_circuit_derive::VmConfig;
   |

error: cannot find derive macro `Serialize` in this scope
  --> extensions/rv32im/circuit/src/lib.rs:41:51
   |
41 | #[derive(Clone, Debug, VmConfig, derive_new::new, Serialize, Deserialize)]
   |                                                   ^^^^^^^^^
   |
help: consider importing this derive macro
   |
18 + use serde::Serialize;
   |

error: cannot find derive macro `Deserialize` in this scope
  --> extensions/rv32im/circuit/src/lib.rs:41:62
   |
41 | #[derive(Clone, Debug, VmConfig, derive_new::new, Serialize, Deserialize)]
   |                                                              ^^^^^^^^^^^
   |
help: consider importing this derive macro
   |
18 + use serde::Deserialize;
   |

error: cannot find attribute `system` in this scope
  --> extensions/rv32im/circuit/src/lib.rs:43:7
   |
43 |     #[system]
   |       ^^^^^^

error: cannot find attribute `extension` in this scope
  --> extensions/rv32im/circuit/src/lib.rs:45:7
   |
45 |     #[extension]
   |       ^^^^^^^^^
   |
   = note: `extension` is in scope, but it is a module, not an attribute

error: cannot find attribute `extension` in this scope
  --> extensions/rv32im/circuit/src/lib.rs:47:7
   |
47 |     #[extension]
   |       ^^^^^^^^^
   |
   = note: `extension` is in scope, but it is a module, not an attribute

error: cannot find derive macro `VmConfig` in this scope
  --> extensions/rv32im/circuit/src/lib.rs:55:33
   |
55 | #[derive(Clone, Debug, Default, VmConfig, derive_new::new, Serialize, Deserialize)]
   |                                 ^^^^^^^^
   |
help: consider importing this derive macro
   |
18 + use openvm_circuit_derive::VmConfig;
   |

error: cannot find derive macro `Serialize` in this scope
  --> extensions/rv32im/circuit/src/lib.rs:55:60
   |
55 | #[derive(Clone, Debug, Default, VmConfig, derive_new::new, Serialize, Deserialize)]
   |                                                            ^^^^^^^^^
   |
help: consider importing this derive macro
   |
18 + use serde::Serialize;
   |

error: cannot find derive macro `Deserialize` in this scope
  --> extensions/rv32im/circuit/src/lib.rs:55:71
   |
55 | #[derive(Clone, Debug, Default, VmConfig, derive_new::new, Serialize, Deserialize)]
   |                                                                       ^^^^^^^^^^^
   |
help: consider importing this derive macro
   |
18 + use serde::Deserialize;
   |

error: cannot find attribute `config` in this scope
  --> extensions/rv32im/circuit/src/lib.rs:57:7
   |
57 |     #[config]
   |       ^^^^^^

error: cannot find attribute `extension` in this scope
  --> extensions/rv32im/circuit/src/lib.rs:59:7
   |
59 |     #[extension]
   |       ^^^^^^^^^
   |
   = note: `extension` is in scope, but it is a module, not an attribute

error[E0412]: cannot find type `VmChipWrapper` in this scope
   --> extensions/rv32im/circuit/src/auipc/mod.rs:12:29
    |
12  | pub type Rv32AuipcChip<F> = VmChipWrapper<F, Rv32AuipcFiller<F>>;
    |                             ^^^^^^^^^^^^^
    |
   ::: /Users/arayi/Desktop/Everything/openvm/crates/vm/src/arch/integration_api.rs:889:1
    |
889 | pub struct VmAirWrapper<A, C> {
    | ----------------------------- similarly named struct `VmAirWrapper` defined here
    |
help: a struct with a similar name exists
    |
12  | pub type Rv32AuipcChip<F> = VmAirWrapper<F, Rv32AuipcFiller<F>>;
    |                             ~~~~~~~~~~~~
help: consider importing this struct
    |
1   + use openvm_circuit::arch::VmChipWrapper;
    |

error[E0412]: cannot find type `VmChipWrapper` in this scope
   --> extensions/rv32im/circuit/src/divrem/mod.rs:16:5
    |
16  |     VmChipWrapper<F, DivRemFiller<Rv32MultAdapterFiller, RV32_REGISTER_NUM_LIMBS, RV32_CELL_BITS>>;
    |     ^^^^^^^^^^^^^
    |
   ::: /Users/arayi/Desktop/Everything/openvm/crates/vm/src/arch/integration_api.rs:889:1
    |
889 | pub struct VmAirWrapper<A, C> {
    | ----------------------------- similarly named struct `VmAirWrapper` defined here
    |
help: a struct with a similar name exists
    |
16  |     VmAirWrapper<F, DivRemFiller<Rv32MultAdapterFiller, RV32_REGISTER_NUM_LIMBS, RV32_CELL_BITS>>;
    |     ~~~~~~~~~~~~
help: consider importing this struct
    |
1   + use openvm_circuit::arch::VmChipWrapper;
    |

error[E0412]: cannot find type `VmChipWrapper` in this scope
   --> extensions/rv32im/circuit/src/hintstore/mod.rs:706:33
    |
706 | pub type Rv32HintStoreChip<F> = VmChipWrapper<F, Rv32HintStoreFiller>;
    |                                 ^^^^^^^^^^^^^ not found in this scope
    |
help: consider importing this struct
    |
1   + use openvm_circuit::arch::VmChipWrapper;
    |

error[E0412]: cannot find type `VmChipWrapper` in this scope
   --> extensions/rv32im/circuit/src/jal_lui/mod.rs:12:30
    |
12  | pub type Rv32JalLuiChip<F> = VmChipWrapper<F, Rv32JalLuiFiller<F>>;
    |                              ^^^^^^^^^^^^^
    |
   ::: /Users/arayi/Desktop/Everything/openvm/crates/vm/src/arch/integration_api.rs:889:1
    |
889 | pub struct VmAirWrapper<A, C> {
    | ----------------------------- similarly named struct `VmAirWrapper` defined here
    |
help: a struct with a similar name exists
    |
12  | pub type Rv32JalLuiChip<F> = VmAirWrapper<F, Rv32JalLuiFiller<F>>;
    |                              ~~~~~~~~~~~~
help: consider importing this struct
    |
1   + use openvm_circuit::arch::VmChipWrapper;
    |

error[E0412]: cannot find type `VmChipWrapper` in this scope
   --> extensions/rv32im/circuit/src/jalr/mod.rs:12:28
    |
12  | pub type Rv32JalrChip<F> = VmChipWrapper<F, Rv32JalrFiller<F>>;
    |                            ^^^^^^^^^^^^^
    |
   ::: /Users/arayi/Desktop/Everything/openvm/crates/vm/src/arch/integration_api.rs:889:1
    |
889 | pub struct VmAirWrapper<A, C> {
    | ----------------------------- similarly named struct `VmAirWrapper` defined here
    |
help: a struct with a similar name exists
    |
12  | pub type Rv32JalrChip<F> = VmAirWrapper<F, Rv32JalrFiller<F>>;
    |                            ~~~~~~~~~~~~
help: consider importing this struct
    |
1   + use openvm_circuit::arch::VmChipWrapper;
    |

error[E0425]: cannot find value `RV32_REGISTER_NUM_LIMBS` in this scope
   --> extensions/rv32im/circuit/src/loadstore/core.rs:266:30
    |
266 |     const NUM_CELLS: usize = RV32_REGISTER_NUM_LIMBS,
    |                              ^^^^^^^^^^^^^^^^^^^^^^^ not found in this scope
    |
help: consider importing one of these constants
    |
1   + use crate::loadstore::RV32_REGISTER_NUM_LIMBS;
    |
1   + use openvm_instructions::riscv::RV32_REGISTER_NUM_LIMBS;
    |

error[E0412]: cannot find type `VmChipWrapper` in this scope
   --> extensions/rv32im/circuit/src/mul/mod.rs:19:5
    |
19  |     VmChipWrapper<F, Rv32MultiplicationFiller<F>>;
    |     ^^^^^^^^^^^^^
    |
   ::: /Users/arayi/Desktop/Everything/openvm/crates/vm/src/arch/integration_api.rs:889:1
    |
889 | pub struct VmAirWrapper<A, C> {
    | ----------------------------- similarly named struct `VmAirWrapper` defined here
    |
help: a struct with a similar name exists
    |
19  |     VmAirWrapper<F, Rv32MultiplicationFiller<F>>;
    |     ~~~~~~~~~~~~
help: consider importing this struct
    |
1   + use openvm_circuit::arch::VmChipWrapper;
    |

error[E0412]: cannot find type `Rv32MultiplicationFiller` in this scope
   --> extensions/rv32im/circuit/src/mul/mod.rs:19:22
    |
19  |     VmChipWrapper<F, Rv32MultiplicationFiller<F>>;
    |                      ^^^^^^^^^^^^^^^^^^^^^^^^ help: a struct with a similar name exists: `MultiplicationFiller`
    |
   ::: extensions/rv32im/circuit/src/mul/core.rs:135:1
    |
135 | pub struct MultiplicationFiller<A, const NUM_LIMBS: usize, const LIMB_BITS: usize> {
    | ---------------------------------------------------------------------------------- similarly named struct `MultiplicationFiller` defined here

error[E0412]: cannot find type `VmChipWrapper` in this scope
   --> extensions/rv32im/circuit/src/mulh/mod.rs:15:28
    |
15  | pub type Rv32MulHChip<F> = VmChipWrapper<F, MulHFiller<F>>;
    |                            ^^^^^^^^^^^^^
    |
   ::: /Users/arayi/Desktop/Everything/openvm/crates/vm/src/arch/integration_api.rs:889:1
    |
889 | pub struct VmAirWrapper<A, C> {
    | ----------------------------- similarly named struct `VmAirWrapper` defined here
    |
help: a struct with a similar name exists
    |
15  | pub type Rv32MulHChip<F> = VmAirWrapper<F, MulHFiller<F>>;
    |                            ~~~~~~~~~~~~
help: consider importing this struct
    |
1   + use openvm_circuit::arch::VmChipWrapper;
    |

error[E0412]: cannot find type `AirInventoryError` in this scope
   --> extensions/rv32im/circuit/src/extension.rs:177:78
    |
177 |     fn extend_circuit(&self, inventory: &mut AirInventory<SC>) -> Result<(), AirInventoryError> {
    |                                                                              ^^^^^^^^^^^^^^^^^
    |
   ::: /Users/arayi/Desktop/Everything/openvm/crates/vm/src/arch/extensions.rs:542:1
    |
542 | pub enum ChipInventoryError {
    | --------------------------- similarly named enum `ChipInventoryError` defined here
    |
help: an enum with a similar name exists
    |
177 |     fn extend_circuit(&self, inventory: &mut AirInventory<SC>) -> Result<(), ChipInventoryError> {
    |                                                                              ~~~~~~~~~~~~~~~~~~
help: consider importing this enum
    |
1   + use openvm_circuit::arch::AirInventoryError;
    |

error[E0433]: failed to resolve: use of undeclared type `Arc`
   --> extensions/rv32im/circuit/src/extension.rs:293:24
    |
293 |             let chip = Arc::new(BitwiseOperationLookupChip::new(air.bus));
    |                        ^^^ use of undeclared type `Arc`
    |
help: consider importing this struct
    |
1   + use std::sync::Arc;
    |

error[E0425]: cannot find value `bitwise_lu_chip` in this scope
   --> extensions/rv32im/circuit/src/extension.rs:304:17
    |
304 |                 bitwise_lu_chip.clone(),
    |                 ^^^^^^^^^^^^^^^ help: a local variable with a similar name exists: `bitwise_lu`

error[E0425]: cannot find value `pointer_max_bits` in this scope
   --> extensions/rv32im/circuit/src/extension.rs:337:49
    |
337 |                 Rv32LoadStoreAdapterFiller::new(pointer_max_bits, range_checker.clone()),
    |                                                 ^^^^^^^^^^^^^^^^ not found in this scope

error[E0425]: cannot find value `pointer_max_bits` in this scope
   --> extensions/rv32im/circuit/src/extension.rs:347:49
    |
347 |                 Rv32LoadStoreAdapterFiller::new(pointer_max_bits, range_checker.clone()),
    |                                                 ^^^^^^^^^^^^^^^^ not found in this scope

error[E0425]: cannot find value `bitwise_lu_chip` in this scope
   --> extensions/rv32im/circuit/src/extension.rs:380:17
    |
380 |                 bitwise_lu_chip.clone(),
    |                 ^^^^^^^^^^^^^^^ help: a local variable with a similar name exists: `bitwise_lu`

error[E0425]: cannot find value `bitwise_lu_chip` in this scope
   --> extensions/rv32im/circuit/src/extension.rs:390:17
    |
390 |                 bitwise_lu_chip.clone(),
    |                 ^^^^^^^^^^^^^^^ help: a local variable with a similar name exists: `bitwise_lu`

error[E0425]: cannot find value `bitwise_lu_chip` in this scope
   --> extensions/rv32im/circuit/src/extension.rs:399:58
    |
399 |             Rv32AuipcFiller::new(Rv32RdWriteAdapterStep, bitwise_lu_chip.clone()),
    |                                                          ^^^^^^^^^^^^^^^ help: a local variable with a similar name exists: `bitwise_lu`

error[E0412]: cannot find type `AirInventoryError` in this scope
   --> extensions/rv32im/circuit/src/extension.rs:427:78
    |
427 |     fn extend_circuit(&self, inventory: &mut AirInventory<SC>) -> Result<(), AirInventoryError> {
    |                                                                              ^^^^^^^^^^^^^^^^^
    |
   ::: /Users/arayi/Desktop/Everything/openvm/crates/vm/src/arch/extensions.rs:542:1
    |
542 | pub enum ChipInventoryError {
    | --------------------------- similarly named enum `ChipInventoryError` defined here
    |
help: an enum with a similar name exists
    |
427 |     fn extend_circuit(&self, inventory: &mut AirInventory<SC>) -> Result<(), ChipInventoryError> {
    |                                                                              ~~~~~~~~~~~~~~~~~~
help: consider importing this enum
    |
1   + use openvm_circuit::arch::AirInventoryError;
    |

error[E0425]: cannot find value `builder` in this scope
   --> extensions/rv32im/circuit/src/extension.rs:445:55
    |
445 |         let range_tuple_checker = if let Some(chip) = builder
    |                                                       ^^^^^^^ not found in this scope

error[E0425]: cannot find value `builder` in this scope
   --> extensions/rv32im/circuit/src/extension.rs:455:43
    |
455 |                 RangeTupleCheckerBus::new(builder.new_bus_idx(), self.range_tuple_checker_sizes);
    |                                           ^^^^^^^ not found in this scope

error[E0425]: cannot find value `range_tuple_bus` in this scope
   --> extensions/rv32im/circuit/src/extension.rs:463:40
    |
463 |             MultiplicationCoreAir::new(range_tuple_bus, MulOpcode::CLASS_OFFSET),
    |                                        ^^^^^^^^^^^^^^^
    |
help: the binding `range_tuple_bus` is available in a different scope in the same function
   --> extensions/rv32im/circuit/src/extension.rs:454:17
    |
454 |             let range_tuple_bus =
    |                 ^^^^^^^^^^^^^^^

error[E0425]: cannot find value `bitwise_bus` in this scope
   --> extensions/rv32im/circuit/src/extension.rs:469:30
    |
469 |             MulHCoreAir::new(bitwise_bus, range_tuple_bus),
    |                              ^^^^^^^^^^^ help: a local variable with a similar name exists: `bitwise_lu`

error[E0425]: cannot find value `range_tuple_bus` in this scope
   --> extensions/rv32im/circuit/src/extension.rs:469:43
    |
469 |             MulHCoreAir::new(bitwise_bus, range_tuple_bus),
    |                                           ^^^^^^^^^^^^^^^
    |
help: the binding `range_tuple_bus` is available in a different scope in the same function
   --> extensions/rv32im/circuit/src/extension.rs:454:17
    |
454 |             let range_tuple_bus =
    |                 ^^^^^^^^^^^^^^^

error[E0425]: cannot find value `bitwise_bus` in this scope
   --> extensions/rv32im/circuit/src/extension.rs:475:32
    |
475 |             DivRemCoreAir::new(bitwise_bus, range_tuple_bus, DivRemOpcode::CLASS_OFFSET),
    |                                ^^^^^^^^^^^ help: a local variable with a similar name exists: `bitwise_lu`

error[E0425]: cannot find value `range_tuple_bus` in this scope
   --> extensions/rv32im/circuit/src/extension.rs:475:45
    |
475 |             DivRemCoreAir::new(bitwise_bus, range_tuple_bus, DivRemOpcode::CLASS_OFFSET),
    |                                             ^^^^^^^^^^^^^^^
    |
help: the binding `range_tuple_bus` is available in a different scope in the same function
   --> extensions/rv32im/circuit/src/extension.rs:454:17
    |
454 |             let range_tuple_bus =
    |                 ^^^^^^^^^^^^^^^

error[E0433]: failed to resolve: use of undeclared type `Arc`
   --> extensions/rv32im/circuit/src/extension.rs:504:24
    |
504 |             let chip = Arc::new(BitwiseOperationLookupChip::new(air.bus));
    |                        ^^^ use of undeclared type `Arc`
    |
help: consider importing this struct
    |
1   + use std::sync::Arc;
    |

error[E0425]: cannot find value `builder` in this scope
   --> extensions/rv32im/circuit/src/extension.rs:509:55
    |
509 |         let range_tuple_checker = if let Some(chip) = builder
    |                                                       ^^^^^^^ not found in this scope

error[E0425]: cannot find value `builder` in this scope
   --> extensions/rv32im/circuit/src/extension.rs:519:43
    |
519 |                 RangeTupleCheckerBus::new(builder.new_bus_idx(), self.range_tuple_checker_sizes);
    |                                           ^^^^^^^ not found in this scope

error[E0425]: cannot find value `Rv32HintStoreAdapterStep` in this scope
   --> extensions/rv32im/circuit/src/extension.rs:573:36
    |
573 |             Rv32HintStoreStep::new(Rv32HintStoreAdapterStep, HintStoreOpcode::CLASS_OFFSET);
    |                                    ^^^^^^^^^^^^^^^^^^^^^^^^ help: a unit struct with a similar name exists: `Rv32RdWriteAdapterStep`
    |
   ::: extensions/rv32im/circuit/src/adapters/rdwrite.rs:204:1
    |
204 | pub struct Rv32RdWriteAdapterStep;
    | ---------------------------------- similarly named unit struct `Rv32RdWriteAdapterStep` defined here

error[E0412]: cannot find type `AirInventoryError` in this scope
   --> extensions/rv32im/circuit/src/extension.rs:582:78
    |
582 |     fn extend_circuit(&self, inventory: &mut AirInventory<SC>) -> Result<(), AirInventoryError> {
    |                                                                              ^^^^^^^^^^^^^^^^^
    |
   ::: /Users/arayi/Desktop/Everything/openvm/crates/vm/src/arch/extensions.rs:542:1
    |
542 | pub enum ChipInventoryError {
    | --------------------------- similarly named enum `ChipInventoryError` defined here
    |
help: an enum with a similar name exists
    |
582 |     fn extend_circuit(&self, inventory: &mut AirInventory<SC>) -> Result<(), ChipInventoryError> {
    |                                                                              ~~~~~~~~~~~~~~~~~~
help: consider importing this enum
    |
1   + use openvm_circuit::arch::AirInventoryError;
    |

error[E0433]: failed to resolve: use of undeclared type `Arc`
   --> extensions/rv32im/circuit/src/extension.rs:636:24
    |
636 |             let chip = Arc::new(BitwiseOperationLookupChip::new(air.bus));
    |                        ^^^ use of undeclared type `Arc`
    |
help: consider importing this struct
    |
1   + use std::sync::Arc;
    |

error[E0425]: cannot find value `pointer_max_bits` in this scope
   --> extensions/rv32im/circuit/src/extension.rs:644:17
    |
644 |                 pointer_max_bits,
    |                 ^^^^^^^^^^^^^^^^ not found in this scope

warning: unused import: `MatrixRecordArena`
 --> extensions/rv32im/circuit/src/auipc/mod.rs:1:28
  |
1 | use openvm_circuit::arch::{MatrixRecordArena,  VmAirWrapper};
  |                            ^^^^^^^^^^^^^^^^^
  |
  = note: `#[warn(unused_imports)]` on by default

warning: unused import: `Rv32RdWriteAdapterStep`
 --> extensions/rv32im/circuit/src/auipc/mod.rs:3:46
  |
3 | use crate::adapters::{Rv32RdWriteAdapterAir, Rv32RdWriteAdapterStep};
  |                                              ^^^^^^^^^^^^^^^^^^^^^^

warning: unused import: `SharedMemoryHelper`
  --> extensions/rv32im/circuit/src/auipc/core.rs:15:31
   |
15 |         MemoryAuxColsFactory, SharedMemoryHelper,
   |                               ^^^^^^^^^^^^^^^^^^

warning: unused import: `MatrixRecordArena`
 --> extensions/rv32im/circuit/src/base_alu/mod.rs:1:28
  |
1 | use openvm_circuit::arch::{MatrixRecordArena,  VmAirWrapper, VmChipWrapper};
  |                            ^^^^^^^^^^^^^^^^^

warning: unused import: `SharedMemoryHelper`
  --> extensions/rv32im/circuit/src/base_alu/core.rs:16:31
   |
16 |         MemoryAuxColsFactory, SharedMemoryHelper,
   |                               ^^^^^^^^^^^^^^^^^^

warning: unused import: `SharedMemoryHelper`
  --> extensions/rv32im/circuit/src/branch_eq/core.rs:12:31
   |
12 |         MemoryAuxColsFactory, SharedMemoryHelper,
   |                               ^^^^^^^^^^^^^^^^^^

warning: unused import: `SharedMemoryHelper`
  --> extensions/rv32im/circuit/src/branch_lt/core.rs:12:31
   |
12 |         MemoryAuxColsFactory, SharedMemoryHelper,
   |                               ^^^^^^^^^^^^^^^^^^

warning: unused import: `MatrixRecordArena`
 --> extensions/rv32im/circuit/src/divrem/mod.rs:1:28
  |
1 | use openvm_circuit::arch::{MatrixRecordArena,  VmAirWrapper};
  |                            ^^^^^^^^^^^^^^^^^

warning: unused import: `MatrixRecordArena`
 --> extensions/rv32im/circuit/src/hintstore/mod.rs:7:9
  |
7 |         MatrixRecordArena, MultiRowLayout, MultiRowMetadata,  RecordArena, Result,
  |         ^^^^^^^^^^^^^^^^^

warning: unused import: `MatrixRecordArena`
 --> extensions/rv32im/circuit/src/jal_lui/mod.rs:1:28
  |
1 | use openvm_circuit::arch::{MatrixRecordArena,  VmAirWrapper};
  |                            ^^^^^^^^^^^^^^^^^

warning: unused import: `Rv32CondRdWriteAdapterStep`
 --> extensions/rv32im/circuit/src/jal_lui/mod.rs:3:50
  |
3 | use crate::adapters::{Rv32CondRdWriteAdapterAir, Rv32CondRdWriteAdapterStep};
  |                                                  ^^^^^^^^^^^^^^^^^^^^^^^^^^

warning: unused imports: `MemoryAuxColsFactory` and `SharedMemoryHelper`
  --> extensions/rv32im/circuit/src/jal_lui/core.rs:12:9
   |
12 |         MemoryAuxColsFactory, SharedMemoryHelper,
   |         ^^^^^^^^^^^^^^^^^^^^  ^^^^^^^^^^^^^^^^^^

warning: unused import: `MatrixRecordArena`
 --> extensions/rv32im/circuit/src/jalr/mod.rs:1:28
  |
1 | use openvm_circuit::arch::{MatrixRecordArena,  VmAirWrapper};
  |                            ^^^^^^^^^^^^^^^^^

warning: unused import: `Rv32JalrAdapterStep`
 --> extensions/rv32im/circuit/src/jalr/mod.rs:3:43
  |
3 | use crate::adapters::{Rv32JalrAdapterAir, Rv32JalrAdapterStep};
  |                                           ^^^^^^^^^^^^^^^^^^^

warning: unused import: `SharedMemoryHelper`
  --> extensions/rv32im/circuit/src/jalr/core.rs:15:31
   |
15 |         MemoryAuxColsFactory, SharedMemoryHelper,
   |                               ^^^^^^^^^^^^^^^^^^

warning: unused import: `MatrixRecordArena`
 --> extensions/rv32im/circuit/src/less_than/mod.rs:1:28
  |
1 | use openvm_circuit::arch::{MatrixRecordArena,  VmAirWrapper, VmChipWrapper};
  |                            ^^^^^^^^^^^^^^^^^

warning: unused import: `SharedMemoryHelper`
  --> extensions/rv32im/circuit/src/less_than/core.rs:15:31
   |
15 |         MemoryAuxColsFactory, SharedMemoryHelper,
   |                               ^^^^^^^^^^^^^^^^^^

warning: unused import: `Rv32LoadStoreAdapterFiller`
 --> extensions/rv32im/circuit/src/load_sign_extend/mod.rs:5:30
  |
5 |     Rv32LoadStoreAdapterAir, Rv32LoadStoreAdapterFiller, Rv32LoadStoreAdapterStep,
  |                              ^^^^^^^^^^^^^^^^^^^^^^^^^^

warning: unused import: `SharedMemoryHelper`
  --> extensions/rv32im/circuit/src/load_sign_extend/core.rs:15:31
   |
15 |         MemoryAuxColsFactory, SharedMemoryHelper,
   |                               ^^^^^^^^^^^^^^^^^^

warning: unused import: `RV32_NUM_REGISTERS`
  --> extensions/rv32im/circuit/src/load_sign_extend/core.rs:27:29
   |
27 |     riscv::{RV32_CELL_BITS, RV32_NUM_REGISTERS, RV32_REGISTER_NUM_LIMBS},
   |                             ^^^^^^^^^^^^^^^^^^

warning: unused imports: `MemoryAuxColsFactory` and `SharedMemoryHelper`
  --> extensions/rv32im/circuit/src/loadstore/core.rs:15:9
   |
15 |         MemoryAuxColsFactory, SharedMemoryHelper,
   |         ^^^^^^^^^^^^^^^^^^^^  ^^^^^^^^^^^^^^^^^^

warning: unused import: `MatrixRecordArena`
 --> extensions/rv32im/circuit/src/mul/mod.rs:1:28
  |
1 | use openvm_circuit::arch::{MatrixRecordArena,  VmAirWrapper};
  |                            ^^^^^^^^^^^^^^^^^

warning: unused import: `MatrixRecordArena`
 --> extensions/rv32im/circuit/src/mulh/mod.rs:1:28
  |
1 | use openvm_circuit::arch::{MatrixRecordArena,  VmAirWrapper};
  |                            ^^^^^^^^^^^^^^^^^

warning: unused import: `SharedMemoryHelper`
  --> extensions/rv32im/circuit/src/shift/core.rs:15:31
   |
15 |         MemoryAuxColsFactory, SharedMemoryHelper,
   |                               ^^^^^^^^^^^^^^^^^^

warning: unused import: `std::any::type_name`
 --> extensions/rv32im/circuit/src/extension.rs:1:5
  |
1 | use std::any::type_name;
  |     ^^^^^^^^^^^^^^^^^^^

warning: unused imports: `InitFileGenerator`, `SystemConfig`, `VmExtension`, and `phantom::PhantomExecutor`
  --> extensions/rv32im/circuit/src/extension.rs:8:9
   |
8  |         InitFileGenerator, SystemConfig, VmAirWrapper, VmChipWrapper, VmCircuitExtension,
   |         ^^^^^^^^^^^^^^^^^  ^^^^^^^^^^^^
9  |         VmExecutionExtension, VmExtension, VmInventoryError, VmProverExtension,
   |                               ^^^^^^^^^^^
10 |     },
11 |     system::{memory::SharedMemoryHelper, phantom::PhantomExecutor, SystemPort},
   |                                          ^^^^^^^^^^^^^^^^^^^^^^^^

warning: unused imports: `InsExecutorE1`, `InstructionExecutor`, and `VmConfig`
  --> extensions/rv32im/circuit/src/extension.rs:13:38
   |
13 | use openvm_circuit_derive::{AnyEnum, InsExecutorE1, InstructionExecutor, VmConfig};
   |                                      ^^^^^^^^^^^^^  ^^^^^^^^^^^^^^^^^^^  ^^^^^^^^

warning: unused import: `var_range::SharedVariableRangeCheckerChip`
  --> extensions/rv32im/circuit/src/extension.rs:20:5
   |
20 |     var_range::SharedVariableRangeCheckerChip,
   |     ^^^^^^^^^^^^^^^^^^^^^^^^^^^^^^^^^^^^^^^^^

warning: unused imports: `ChipUsageGetter` and `Chip`
  --> extensions/rv32im/circuit/src/extension.rs:22:40
   |
22 | use openvm_circuit_primitives_derive::{Chip, ChipUsageGetter};
   |                                        ^^^^  ^^^^^^^^^^^^^^^

warning: unused import: `p3_field::PrimeField32`
  --> extensions/rv32im/circuit/src/extension.rs:30:33
   |
30 |     config::StarkGenericConfig, p3_field::PrimeField32, prover::cpu::CpuBackend,
   |                                 ^^^^^^^^^^^^^^^^^^^^^^

error[E0107]: struct takes 4 generic arguments but 3 generic arguments were supplied
   --> extensions/rv32im/circuit/src/base_alu/core.rs:251:9
    |
251 |     for BaseAluFiller<A, NUM_LIMBS, LIMB_BITS>
    |         ^^^^^^^^^^^^^ -  ---------  --------- supplied 3 generic arguments
    |         |
    |         expected 4 generic arguments
    |
note: struct defined here, with 4 generic parameters: `F`, `A`, `NUM_LIMBS`, `LIMB_BITS`
   --> extensions/rv32im/circuit/src/base_alu/core.rs:192:12
    |
192 | pub struct BaseAluFiller<F, A, const NUM_LIMBS: usize, const LIMB_BITS: usize> {
    |            ^^^^^^^^^^^^^ -  -  ----------------------  ----------------------
help: add missing generic argument
    |
251 |     for BaseAluFiller<A, NUM_LIMBS, LIMB_BITS, LIMB_BITS>
    |                                              +++++++++++

error[E0107]: struct takes 3 generic arguments but 4 generic arguments were supplied
   --> extensions/rv32im/circuit/src/shift/core.rs:275:60
    |
275 | impl<F, A, const NUM_LIMBS: usize, const LIMB_BITS: usize> ShiftFiller<F, A, NUM_LIMBS, LIMB_BITS> {
    |                                                            ^^^^^^^^^^^                ----------- help: remove the unnecessary generic argument
    |                                                            |
    |                                                            expected 3 generic arguments
    |
note: struct defined here, with 3 generic parameters: `A`, `NUM_LIMBS`, `LIMB_BITS`
   --> extensions/rv32im/circuit/src/shift/core.rs:261:12
    |
261 | pub struct ShiftFiller<A, const NUM_LIMBS: usize, const LIMB_BITS: usize> {
    |            ^^^^^^^^^^^ -  ----------------------  ----------------------

error[E0107]: struct takes 1 generic argument but 2 generic arguments were supplied
   --> extensions/rv32im/circuit/src/extension.rs:105:25
    |
105 |         inventory: &mut ExecutorInventory<Rv32IExecutor, F>,
    |                         ^^^^^^^^^^^^^^^^^              --- help: remove the unnecessary generic argument
    |                         |
    |                         expected 1 generic argument
    |
note: struct defined here, with 1 generic parameter: `E`
   --> /Users/arayi/Desktop/Everything/openvm/crates/vm/src/arch/extensions.rs:110:12
    |
110 | pub struct ExecutorInventory<E> {
    |            ^^^^^^^^^^^^^^^^^ -

error[E0107]: struct takes 1 generic argument but 2 generic arguments were supplied
   --> extensions/rv32im/circuit/src/extension.rs:413:25
    |
413 |         inventory: &mut ExecutorInventory<Rv32MExecutor, F>,
    |                         ^^^^^^^^^^^^^^^^^              --- help: remove the unnecessary generic argument
    |                         |
    |                         expected 1 generic argument
    |
note: struct defined here, with 1 generic parameter: `E`
   --> /Users/arayi/Desktop/Everything/openvm/crates/vm/src/arch/extensions.rs:110:12
    |
110 | pub struct ExecutorInventory<E> {
    |            ^^^^^^^^^^^^^^^^^ -

error[E0107]: struct takes 1 generic argument but 2 generic arguments were supplied
   --> extensions/rv32im/circuit/src/extension.rs:570:25
    |
570 |         inventory: &mut ExecutorInventory<Rv32IoExecutor, F>,
    |                         ^^^^^^^^^^^^^^^^^               --- help: remove the unnecessary generic argument
    |                         |
    |                         expected 1 generic argument
    |
note: struct defined here, with 1 generic parameter: `E`
   --> /Users/arayi/Desktop/Everything/openvm/crates/vm/src/arch/extensions.rs:110:12
    |
110 | pub struct ExecutorInventory<E> {
    |            ^^^^^^^^^^^^^^^^^ -

error[E0204]: the trait `std::marker::Copy` cannot be implemented for this type
   --> extensions/rv32im/circuit/src/mulh/core.rs:207:17
    |
207 | #[derive(Clone, Copy, Debug)]
    |                 ^^^^
...
210 |     pub bitwise_lookup_chip: SharedBitwiseOperationLookupChip<LIMB_BITS>,
    |     -------------------------------------------------------------------- this field does not implement `std::marker::Copy`
211 |     pub range_tuple_chip: SharedRangeTupleCheckerChip<2>,
    |     ---------------------------------------------------- this field does not implement `std::marker::Copy`
    |
    = note: this error originates in the derive macro `Copy` (in Nightly builds, run with -Z macro-backtrace for more info)

error[E0277]: the trait bound `alu::Rv32BaseAluAdapterFiller<LIMB_BITS>: AdapterTraceStep<F>` is not satisfied
   --> extensions/rv32im/circuit/src/adapters/alu.rs:275:9
    |
275 |     for Rv32BaseAluAdapterFiller<LIMB_BITS>
    |         ^^^^^^^^^^^^^^^^^^^^^^^^^^^^^^^^^^^ the trait `AdapterTraceStep<F>` is not implemented for `alu::Rv32BaseAluAdapterFiller<LIMB_BITS>`
    |
    = help: the following other types implement trait `AdapterTraceStep<F>`:
              NativeAdapterStep<F, R, W>
              adapters::jalr::Rv32JalrAdapterStep
              adapters::loadstore::Rv32LoadStoreAdapterStep
              adapters::mul::Rv32MultAdapterStep
              alu::Rv32BaseAluAdapterStep<LIMB_BITS>
              branch::Rv32BranchAdapterStep
              rdwrite::Rv32CondRdWriteAdapterStep
              rdwrite::Rv32RdWriteAdapterStep
note: required by a bound in `AdapterTraceFiller`
   --> /Users/arayi/Desktop/Everything/openvm/crates/vm/src/arch/integration_api.rs:841:34
    |
841 | pub trait AdapterTraceFiller<F>: AdapterTraceStep<F> {
    |                                  ^^^^^^^^^^^^^^^^^^^ required by this bound in `AdapterTraceFiller`

error[E0277]: the trait bound `Rv32BranchAdapterFiller: AdapterTraceStep<F>` is not satisfied
   --> extensions/rv32im/circuit/src/adapters/branch.rs:184:49
    |
184 | impl<F: PrimeField32> AdapterTraceFiller<F> for Rv32BranchAdapterFiller {
    |                                                 ^^^^^^^^^^^^^^^^^^^^^^^ the trait `AdapterTraceStep<F>` is not implemented for `Rv32BranchAdapterFiller`
    |
    = help: the following other types implement trait `AdapterTraceStep<F>`:
              NativeAdapterStep<F, R, W>
              adapters::jalr::Rv32JalrAdapterStep
              adapters::loadstore::Rv32LoadStoreAdapterStep
              adapters::mul::Rv32MultAdapterStep
              alu::Rv32BaseAluAdapterStep<LIMB_BITS>
              branch::Rv32BranchAdapterStep
              rdwrite::Rv32CondRdWriteAdapterStep
              rdwrite::Rv32RdWriteAdapterStep
note: required by a bound in `AdapterTraceFiller`
   --> /Users/arayi/Desktop/Everything/openvm/crates/vm/src/arch/integration_api.rs:841:34
    |
841 | pub trait AdapterTraceFiller<F>: AdapterTraceStep<F> {
    |                                  ^^^^^^^^^^^^^^^^^^^ required by this bound in `AdapterTraceFiller`

error[E0277]: the trait bound `Rv32JalrAdapterFiller: AdapterTraceStep<F>` is not satisfied
   --> extensions/rv32im/circuit/src/adapters/jalr.rs:235:49
    |
235 | impl<F: PrimeField32> AdapterTraceFiller<F> for Rv32JalrAdapterFiller {
    |                                                 ^^^^^^^^^^^^^^^^^^^^^ the trait `AdapterTraceStep<F>` is not implemented for `Rv32JalrAdapterFiller`
    |
    = help: the following other types implement trait `AdapterTraceStep<F>`:
              NativeAdapterStep<F, R, W>
              adapters::jalr::Rv32JalrAdapterStep
              adapters::loadstore::Rv32LoadStoreAdapterStep
              adapters::mul::Rv32MultAdapterStep
              alu::Rv32BaseAluAdapterStep<LIMB_BITS>
              branch::Rv32BranchAdapterStep
              rdwrite::Rv32CondRdWriteAdapterStep
              rdwrite::Rv32RdWriteAdapterStep
note: required by a bound in `AdapterTraceFiller`
   --> /Users/arayi/Desktop/Everything/openvm/crates/vm/src/arch/integration_api.rs:841:34
    |
841 | pub trait AdapterTraceFiller<F>: AdapterTraceStep<F> {
    |                                  ^^^^^^^^^^^^^^^^^^^ required by this bound in `AdapterTraceFiller`

error[E0277]: the trait bound `adapters::loadstore::Rv32LoadStoreAdapterFiller: AdapterTraceStep<F>` is not satisfied
   --> extensions/rv32im/circuit/src/adapters/loadstore.rs:495:49
    |
495 | impl<F: PrimeField32> AdapterTraceFiller<F> for Rv32LoadStoreAdapterFiller {
    |                                                 ^^^^^^^^^^^^^^^^^^^^^^^^^^ the trait `AdapterTraceStep<F>` is not implemented for `adapters::loadstore::Rv32LoadStoreAdapterFiller`
    |
    = help: the following other types implement trait `AdapterTraceStep<F>`:
              NativeAdapterStep<F, R, W>
              adapters::jalr::Rv32JalrAdapterStep
              adapters::loadstore::Rv32LoadStoreAdapterStep
              adapters::mul::Rv32MultAdapterStep
              alu::Rv32BaseAluAdapterStep<LIMB_BITS>
              branch::Rv32BranchAdapterStep
              rdwrite::Rv32CondRdWriteAdapterStep
              rdwrite::Rv32RdWriteAdapterStep
note: required by a bound in `AdapterTraceFiller`
   --> /Users/arayi/Desktop/Everything/openvm/crates/vm/src/arch/integration_api.rs:841:34
    |
841 | pub trait AdapterTraceFiller<F>: AdapterTraceStep<F> {
    |                                  ^^^^^^^^^^^^^^^^^^^ required by this bound in `AdapterTraceFiller`

error[E0277]: the trait bound `adapters::mul::Rv32MultAdapterFiller: AdapterTraceStep<F>` is not satisfied
   --> extensions/rv32im/circuit/src/adapters/mul.rs:219:49
    |
219 | impl<F: PrimeField32> AdapterTraceFiller<F> for Rv32MultAdapterFiller {
    |                                                 ^^^^^^^^^^^^^^^^^^^^^ the trait `AdapterTraceStep<F>` is not implemented for `adapters::mul::Rv32MultAdapterFiller`
    |
    = help: the following other types implement trait `AdapterTraceStep<F>`:
              NativeAdapterStep<F, R, W>
              adapters::jalr::Rv32JalrAdapterStep
              adapters::loadstore::Rv32LoadStoreAdapterStep
              adapters::mul::Rv32MultAdapterStep
              alu::Rv32BaseAluAdapterStep<LIMB_BITS>
              branch::Rv32BranchAdapterStep
              rdwrite::Rv32CondRdWriteAdapterStep
              rdwrite::Rv32RdWriteAdapterStep
note: required by a bound in `AdapterTraceFiller`
   --> /Users/arayi/Desktop/Everything/openvm/crates/vm/src/arch/integration_api.rs:841:34
    |
841 | pub trait AdapterTraceFiller<F>: AdapterTraceStep<F> {
    |                                  ^^^^^^^^^^^^^^^^^^^ required by this bound in `AdapterTraceFiller`

error[E0277]: the trait bound `Rv32RdWriteAdapterFiller: AdapterTraceStep<F>` is not satisfied
   --> extensions/rv32im/circuit/src/adapters/rdwrite.rs:258:49
    |
258 | impl<F: PrimeField32> AdapterTraceFiller<F> for Rv32RdWriteAdapterFiller {
    |                                                 ^^^^^^^^^^^^^^^^^^^^^^^^ the trait `AdapterTraceStep<F>` is not implemented for `Rv32RdWriteAdapterFiller`
    |
    = help: the following other types implement trait `AdapterTraceStep<F>`:
              NativeAdapterStep<F, R, W>
              adapters::jalr::Rv32JalrAdapterStep
              adapters::loadstore::Rv32LoadStoreAdapterStep
              adapters::mul::Rv32MultAdapterStep
              alu::Rv32BaseAluAdapterStep<LIMB_BITS>
              branch::Rv32BranchAdapterStep
              rdwrite::Rv32CondRdWriteAdapterStep
              rdwrite::Rv32RdWriteAdapterStep
note: required by a bound in `AdapterTraceFiller`
   --> /Users/arayi/Desktop/Everything/openvm/crates/vm/src/arch/integration_api.rs:841:34
    |
841 | pub trait AdapterTraceFiller<F>: AdapterTraceStep<F> {
    |                                  ^^^^^^^^^^^^^^^^^^^ required by this bound in `AdapterTraceFiller`

error[E0392]: type parameter `F` is never used
   --> extensions/rv32im/circuit/src/auipc/core.rs:211:28
    |
211 | pub struct Rv32AuipcFiller<F, A = Rv32RdWriteAdapterStep> {
    |                            ^ unused type parameter
    |
    = help: consider removing `F`, referring to it in a field, or using a marker such as `PhantomData`
    = help: if you intended `F` to be a const parameter, use `const F: /* Type */` instead

error[E0392]: type parameter `F` is never used
   --> extensions/rv32im/circuit/src/base_alu/core.rs:192:26
    |
192 | pub struct BaseAluFiller<F, A, const NUM_LIMBS: usize, const LIMB_BITS: usize> {
    |                          ^ unused type parameter
    |
    = help: consider removing `F`, referring to it in a field, or using a marker such as `PhantomData`
    = help: if you intended `F` to be a const parameter, use `const F: /* Type */` instead

error[E0392]: type parameter `F` is never used
   --> extensions/rv32im/circuit/src/branch_eq/core.rs:157:30
    |
157 | pub struct BranchEqualFiller<F, A, const NUM_LIMBS: usize> {
    |                              ^ unused type parameter
    |
    = help: consider removing `F`, referring to it in a field, or using a marker such as `PhantomData`
    = help: if you intended `F` to be a const parameter, use `const F: /* Type */` instead

error[E0392]: type parameter `F` is never used
   --> extensions/rv32im/circuit/src/branch_lt/core.rs:210:33
    |
210 | pub struct BranchLessThanFiller<F, A, const NUM_LIMBS: usize, const LIMB_BITS: usize> {
    |                                 ^ unused type parameter
    |
    = help: consider removing `F`, referring to it in a field, or using a marker such as `PhantomData`
    = help: if you intended `F` to be a const parameter, use `const F: /* Type */` instead

error[E0392]: type parameter `F` is never used
   --> extensions/rv32im/circuit/src/jal_lui/core.rs:166:29
    |
166 | pub struct Rv32JalLuiFiller<F, A = Rv32CondRdWriteAdapterStep> {
    |                             ^ unused type parameter
    |
    = help: consider removing `F`, referring to it in a field, or using a marker such as `PhantomData`
    = help: if you intended `F` to be a const parameter, use `const F: /* Type */` instead

error[E0392]: type parameter `F` is never used
   --> extensions/rv32im/circuit/src/jalr/core.rs:193:27
    |
193 | pub struct Rv32JalrFiller<F, A = Rv32JalrAdapterStep> {
    |                           ^ unused type parameter
    |
    = help: consider removing `F`, referring to it in a field, or using a marker such as `PhantomData`
    = help: if you intended `F` to be a const parameter, use `const F: /* Type */` instead

error[E0392]: type parameter `F` is never used
   --> extensions/rv32im/circuit/src/less_than/core.rs:188:27
    |
188 | pub struct LessThanFiller<F, A, const NUM_LIMBS: usize, const LIMB_BITS: usize> {
    |                           ^ unused type parameter
    |
    = help: consider removing `F`, referring to it in a field, or using a marker such as `PhantomData`
    = help: if you intended `F` to be a const parameter, use `const F: /* Type */` instead

error[E0392]: type parameter `F` is never used
   --> extensions/rv32im/circuit/src/load_sign_extend/core.rs:197:5
    |
197 |     F,
    |     ^ unused type parameter
    |
    = help: consider removing `F`, referring to it in a field, or using a marker such as `PhantomData`
    = help: if you intended `F` to be a const parameter, use `const F: /* Type */` instead

error[E0392]: type parameter `F` is never used
   --> extensions/rv32im/circuit/src/loadstore/core.rs:264:5
    |
264 |     F,
    |     ^ unused type parameter
    |
    = help: consider removing `F`, referring to it in a field, or using a marker such as `PhantomData`
    = help: if you intended `F` to be a const parameter, use `const F: /* Type */` instead

error[E0107]: struct takes 3 generic arguments but 4 generic arguments were supplied
   --> extensions/rv32im/circuit/src/shift/mod.rs:20:5
    |
20  |       ShiftFiller<
    |       ^^^^^^^^^^^ expected 3 generic arguments
...
23  |           RV32_REGISTER_NUM_LIMBS,
    |  ________________________________-
24  | |         RV32_CELL_BITS,
    | |______________________- help: remove the unnecessary generic argument
    |
note: struct defined here, with 3 generic parameters: `A`, `NUM_LIMBS`, `LIMB_BITS`
   --> extensions/rv32im/circuit/src/shift/core.rs:261:12
    |
261 | pub struct ShiftFiller<A, const NUM_LIMBS: usize, const LIMB_BITS: usize> {
    |            ^^^^^^^^^^^ -  ----------------------  ----------------------

error[E0592]: duplicate definitions with name `new`
   --> extensions/rv32im/circuit/src/shift/core.rs:255:10
    |
255 | #[derive(derive_new::new)]
    |          ^^^^^^^^^^^^^^^ duplicate definitions for `new`
...
269 |     pub fn new(adapter: A, offset: usize) -> Self {
    |     --------------------------------------------- other definition for `new`
    |
    = note: this error originates in the derive macro `derive_new::new` (in Nightly builds, run with -Z macro-backtrace for more info)

error[E0283]: type annotations needed
   --> extensions/rv32im/circuit/src/adapters/alu.rs:224:19
    |
224 |         let rs1 = tracing_read(
    |                   ^^^^^^^^^^^^ cannot infer type of the type parameter `F` declared on the function `tracing_read`
    |
    = note: cannot satisfy `_: PrimeField32`
    = help: the trait `PrimeField32` is implemented for `p3_monty_31::monty_31::MontyField31<FP>`
note: required by a bound in `tracing_read`
   --> extensions/rv32im/circuit/src/adapters/mod.rs:150:8
    |
143 | pub fn tracing_read<F, const N: usize>(
    |        ------------ required by a bound in this function
...
150 |     F: PrimeField32,
    |        ^^^^^^^^^^^^ required by this bound in `tracing_read`
help: consider specifying the generic arguments
    |
224 |         let rs1 = tracing_read::<F, 4>(
    |                               ++++++++

error[E0283]: type annotations needed
   --> extensions/rv32im/circuit/src/adapters/alu.rs:263:9
    |
263 |         tracing_write(
    |         ^^^^^^^^^^^^^ cannot infer type of the type parameter `F` declared on the function `tracing_write`
    |
    = note: cannot satisfy `_: PrimeField32`
    = help: the trait `PrimeField32` is implemented for `p3_monty_31::monty_31::MontyField31<FP>`
note: required by a bound in `tracing_write`
   --> extensions/rv32im/circuit/src/adapters/mod.rs:189:8
    |
181 | pub fn tracing_write<F, const N: usize>(
    |        ------------- required by a bound in this function
...
189 |     F: PrimeField32,
    |        ^^^^^^^^^^^^ required by this bound in `tracing_write`
help: consider specifying the generic arguments
    |
263 |         tracing_write::<F, 4>(
    |                      ++++++++

error[E0283]: type annotations needed
   --> extensions/rv32im/circuit/src/adapters/branch.rs:155:19
    |
155 |         let rs1 = tracing_read(
    |                   ^^^^^^^^^^^^ cannot infer type of the type parameter `F` declared on the function `tracing_read`
    |
    = note: cannot satisfy `_: PrimeField32`
    = help: the trait `PrimeField32` is implemented for `p3_monty_31::monty_31::MontyField31<FP>`
note: required by a bound in `tracing_read`
   --> extensions/rv32im/circuit/src/adapters/mod.rs:150:8
    |
143 | pub fn tracing_read<F, const N: usize>(
    |        ------------ required by a bound in this function
...
150 |     F: PrimeField32,
    |        ^^^^^^^^^^^^ required by this bound in `tracing_read`
help: consider specifying the generic arguments
    |
155 |         let rs1 = tracing_read::<F, 4>(
    |                               ++++++++

error[E0283]: type annotations needed
   --> extensions/rv32im/circuit/src/adapters/jalr.rs:195:9
    |
195 |         tracing_read(
    |         ^^^^^^^^^^^^ cannot infer type of the type parameter `F` declared on the function `tracing_read`
    |
    = note: cannot satisfy `_: PrimeField32`
    = help: the trait `PrimeField32` is implemented for `p3_monty_31::monty_31::MontyField31<FP>`
note: required by a bound in `tracing_read`
   --> extensions/rv32im/circuit/src/adapters/mod.rs:150:8
    |
143 | pub fn tracing_read<F, const N: usize>(
    |        ------------ required by a bound in this function
...
150 |     F: PrimeField32,
    |        ^^^^^^^^^^^^ required by this bound in `tracing_read`
help: consider specifying the generic arguments
    |
195 |         tracing_read::<F, 4>(
    |                     ++++++++

error[E0283]: type annotations needed
   --> extensions/rv32im/circuit/src/adapters/jalr.rs:220:13
    |
220 |             tracing_write(
    |             ^^^^^^^^^^^^^ cannot infer type of the type parameter `F` declared on the function `tracing_write`
    |
    = note: cannot satisfy `_: PrimeField32`
    = help: the trait `PrimeField32` is implemented for `p3_monty_31::monty_31::MontyField31<FP>`
note: required by a bound in `tracing_write`
   --> extensions/rv32im/circuit/src/adapters/mod.rs:189:8
    |
181 | pub fn tracing_write<F, const N: usize>(
    |        ------------- required by a bound in this function
...
189 |     F: PrimeField32,
    |        ^^^^^^^^^^^^ required by this bound in `tracing_write`
help: consider specifying the generic arguments
    |
220 |             tracing_write::<F, 4>(
    |                          ++++++++

error[E0283]: type annotations needed
   --> extensions/rv32im/circuit/src/adapters/loadstore.rs:383:45
    |
383 |         record.rs1_val = u32::from_le_bytes(tracing_read(
    |                                             ^^^^^^^^^^^^ cannot infer type of the type parameter `F` declared on the function `tracing_read`
    |
    = note: cannot satisfy `_: PrimeField32`
    = help: the trait `PrimeField32` is implemented for `p3_monty_31::monty_31::MontyField31<FP>`
note: required by a bound in `tracing_read`
   --> extensions/rv32im/circuit/src/adapters/mod.rs:150:8
    |
143 | pub fn tracing_read<F, const N: usize>(
    |        ------------ required by a bound in this function
...
150 |     F: PrimeField32,
    |        ^^^^^^^^^^^^ required by this bound in `tracing_read`
help: consider specifying the generic arguments
    |
383 |         record.rs1_val = u32::from_le_bytes(tracing_read::<F, 4>(
    |                                                         ++++++++

error[E0283]: type annotations needed
   --> extensions/rv32im/circuit/src/adapters/loadstore.rs:475:25
    |
475 |                         timed_write(memory, record.mem_as as u32, ptr, data.map(|x| x as u8)).0
    |                         ^^^^^^^^^^^ cannot infer type of the type parameter `F` declared on the function `timed_write`
    |
    = note: cannot satisfy `_: PrimeField32`
    = help: the trait `PrimeField32` is implemented for `p3_monty_31::monty_31::MontyField31<FP>`
note: required by a bound in `timed_write`
   --> extensions/rv32im/circuit/src/adapters/mod.rs:121:23
    |
121 | pub fn timed_write<F: PrimeField32, const N: usize>(
    |                       ^^^^^^^^^^^^ required by this bound in `timed_write`
help: consider specifying the generic arguments
    |
475 |                         timed_write::<F, 4>(memory, record.mem_as as u32, ptr, data.map(|x| x as u8)).0
    |                                    ++++++++

error[E0283]: type annotations needed
   --> extensions/rv32im/circuit/src/adapters/mul.rs:178:19
    |
178 |         let rs1 = tracing_read(
    |                   ^^^^^^^^^^^^ cannot infer type of the type parameter `F` declared on the function `tracing_read`
    |
    = note: cannot satisfy `_: PrimeField32`
    = help: the trait `PrimeField32` is implemented for `p3_monty_31::monty_31::MontyField31<FP>`
note: required by a bound in `tracing_read`
   --> extensions/rv32im/circuit/src/adapters/mod.rs:150:8
    |
143 | pub fn tracing_read<F, const N: usize>(
    |        ------------ required by a bound in this function
...
150 |     F: PrimeField32,
    |        ^^^^^^^^^^^^ required by this bound in `tracing_read`
help: consider specifying the generic arguments
    |
178 |         let rs1 = tracing_read::<F, 4>(
    |                               ++++++++

error[E0283]: type annotations needed
   --> extensions/rv32im/circuit/src/adapters/mul.rs:208:9
    |
208 |         tracing_write(
    |         ^^^^^^^^^^^^^ cannot infer type of the type parameter `F` declared on the function `tracing_write`
    |
    = note: cannot satisfy `_: PrimeField32`
    = help: the trait `PrimeField32` is implemented for `p3_monty_31::monty_31::MontyField31<FP>`
note: required by a bound in `tracing_write`
   --> extensions/rv32im/circuit/src/adapters/mod.rs:189:8
    |
181 | pub fn tracing_write<F, const N: usize>(
    |        ------------- required by a bound in this function
...
189 |     F: PrimeField32,
    |        ^^^^^^^^^^^^ required by this bound in `tracing_write`
help: consider specifying the generic arguments
    |
208 |         tracing_write::<F, 4>(
    |                      ++++++++

error[E0283]: type annotations needed
   --> extensions/rv32im/circuit/src/adapters/rdwrite.rs:247:9
    |
247 |         tracing_write(
    |         ^^^^^^^^^^^^^ cannot infer type of the type parameter `F` declared on the function `tracing_write`
    |
    = note: cannot satisfy `_: PrimeField32`
    = help: the trait `PrimeField32` is implemented for `p3_monty_31::monty_31::MontyField31<FP>`
note: required by a bound in `tracing_write`
   --> extensions/rv32im/circuit/src/adapters/mod.rs:189:8
    |
181 | pub fn tracing_write<F, const N: usize>(
    |        ------------- required by a bound in this function
...
189 |     F: PrimeField32,
    |        ^^^^^^^^^^^^ required by this bound in `tracing_write`
help: consider specifying the generic arguments
    |
247 |         tracing_write::<F, 4>(
    |                      ++++++++

error[E0277]: the trait bound `rdwrite::Rv32RdWriteAdapterStep: AdapterTraceFiller<F>` is not satisfied
   --> extensions/rv32im/circuit/src/adapters/rdwrite.rs:386:18
    |
386 |                 <Rv32RdWriteAdapterStep as AdapterTraceFiller<F>>::fill_trace_row(
    |                  ^^^^^^^^^^^^^^^^^^^^^^ the trait `AdapterTraceFiller<F>` is not implemented for `rdwrite::Rv32RdWriteAdapterStep`
    |
    = help: the following other types implement trait `AdapterTraceFiller<F>`:
              NativeAdapterStep<F, R, W>
              Rv32BranchAdapterFiller
              Rv32JalrAdapterFiller
              Rv32RdWriteAdapterFiller
              adapters::loadstore::Rv32LoadStoreAdapterFiller
              adapters::mul::Rv32MultAdapterFiller
              alu::Rv32BaseAluAdapterFiller<LIMB_BITS>
              rdwrite::Rv32CondRdWriteAdapterStep

error[E0283]: type annotations needed
   --> extensions/rv32im/circuit/src/adapters/mod.rs:152:26
    |
152 |     let (t_prev, data) = timed_read(memory, address_space, ptr);
    |                          ^^^^^^^^^^ cannot infer type of the type parameter `F` declared on the function `timed_read`
    |
    = note: cannot satisfy `_: PrimeField32`
    = help: the trait `PrimeField32` is implemented for `p3_monty_31::monty_31::MontyField31<FP>`
note: required by a bound in `timed_read`
   --> extensions/rv32im/circuit/src/adapters/mod.rs:103:22
    |
103 | pub fn timed_read<F: PrimeField32, const N: usize>(
    |                      ^^^^^^^^^^^^ required by this bound in `timed_read`
help: consider specifying the generic arguments
    |
152 |     let (t_prev, data) = timed_read::<F, N>(memory, address_space, ptr);
    |                                    ++++++++

error[E0283]: type annotations needed
   --> extensions/rv32im/circuit/src/adapters/mod.rs:191:31
    |
191 |     let (t_prev, data_prev) = timed_write(memory, address_space, ptr, data);
    |                               ^^^^^^^^^^^ cannot infer type of the type parameter `F` declared on the function `timed_write`
    |
    = note: cannot satisfy `_: PrimeField32`
    = help: the trait `PrimeField32` is implemented for `p3_monty_31::monty_31::MontyField31<FP>`
note: required by a bound in `timed_write`
   --> extensions/rv32im/circuit/src/adapters/mod.rs:121:23
    |
121 | pub fn timed_write<F: PrimeField32, const N: usize>(
    |                       ^^^^^^^^^^^^ required by this bound in `timed_write`
help: consider specifying the generic arguments
    |
191 |     let (t_prev, data_prev) = timed_write::<F, N>(memory, address_space, ptr, data);
    |                                          ++++++++

error[E0282]: type annotations needed
   --> extensions/rv32im/circuit/src/auipc/core.rs:211:12
    |
211 | pub struct Rv32AuipcFiller<F, A = Rv32RdWriteAdapterStep> {
    |            ^^^^^^^^^^^^^^^ cannot infer type for type parameter `F` declared on the struct `Rv32AuipcFiller`

error[E0599]: no method named `fill_trace_row` found for struct `rdwrite::Rv32RdWriteAdapterStep` in the current scope
   --> extensions/rv32im/circuit/src/auipc/core.rs:262:22
    |
262 |         self.adapter.fill_trace_row(mem_helper, adapter_row);
    |                      ^^^^^^^^^^^^^^ method not found in `Rv32RdWriteAdapterStep`
    |
   ::: extensions/rv32im/circuit/src/adapters/rdwrite.rs:204:1
    |
204 | pub struct Rv32RdWriteAdapterStep;
    | --------------------------------- method `fill_trace_row` not found for this struct
    |
    = help: items from traits can only be used if the trait is implemented and in scope
    = note: the following traits define an item `fill_trace_row`, perhaps you need to implement one of them:
            candidate #1: `AdapterTraceFiller`
            candidate #2: `TraceFiller`

error[E0282]: type annotations needed
   --> extensions/rv32im/circuit/src/base_alu/core.rs:192:12
    |
192 | pub struct BaseAluFiller<F, A, const NUM_LIMBS: usize, const LIMB_BITS: usize> {
    |            ^^^^^^^^^^^^^ cannot infer type for type parameter `F` declared on the struct `BaseAluFiller`

error[E0282]: type annotations needed
   --> extensions/rv32im/circuit/src/branch_eq/core.rs:157:12
    |
157 | pub struct BranchEqualFiller<F, A, const NUM_LIMBS: usize> {
    |            ^^^^^^^^^^^^^^^^^ cannot infer type for type parameter `F` declared on the struct `BranchEqualFiller`

error[E0282]: type annotations needed
   --> extensions/rv32im/circuit/src/branch_lt/core.rs:210:12
    |
210 | pub struct BranchLessThanFiller<F, A, const NUM_LIMBS: usize, const LIMB_BITS: usize> {
    |            ^^^^^^^^^^^^^^^^^^^^ cannot infer type for type parameter `F` declared on the struct `BranchLessThanFiller`

error[E0283]: type annotations needed
   --> extensions/rv32im/circuit/src/hintstore/mod.rs:419:51
    |
419 |         record.inner.mem_ptr = u32::from_le_bytes(tracing_read(
    |                                                   ^^^^^^^^^^^^ cannot infer type of the type parameter `F` declared on the function `tracing_read`
    |
    = note: cannot satisfy `_: PrimeField32`
    = help: the trait `PrimeField32` is implemented for `p3_monty_31::monty_31::MontyField31<FP>`
note: required by a bound in `tracing_read`
   --> extensions/rv32im/circuit/src/adapters/mod.rs:150:8
    |
143 | pub fn tracing_read<F, const N: usize>(
    |        ------------ required by a bound in this function
...
150 |     F: PrimeField32,
    |        ^^^^^^^^^^^^ required by this bound in `tracing_read`
help: consider specifying the generic arguments
    |
419 |         record.inner.mem_ptr = u32::from_le_bytes(tracing_read::<F, 4>(
    |                                                               ++++++++

error[E0282]: type annotations needed
   --> extensions/rv32im/circuit/src/jal_lui/core.rs:166:12
    |
166 | pub struct Rv32JalLuiFiller<F, A = Rv32CondRdWriteAdapterStep> {
    |            ^^^^^^^^^^^^^^^^ cannot infer type for type parameter `F` declared on the struct `Rv32JalLuiFiller`

error[E0609]: no field `mem_helper` on type `&jal_lui::core::Rv32JalLuiFiller<A>`
   --> extensions/rv32im/circuit/src/jal_lui/core.rs:226:43
    |
226 |         self.adapter.fill_trace_row(&self.mem_helper, adapter_row);
    |                                           ^^^^^^^^^^ unknown field
    |
    = note: available fields are: `adapter`, `bitwise_lookup_chip`

error[E0308]: mismatched types
   --> extensions/rv32im/circuit/src/jalr/core.rs:207:13
    |
199 | impl<A> Rv32JalrFiller<A> {
    |      - found this type parameter
...
207 |             adapter,
    |             ^^^^^^^ expected `Rv32JalrAdapterStep`, found type parameter `A`
    |
    = note:      expected struct `adapters::jalr::Rv32JalrAdapterStep`
            found type parameter `A`

error[E0599]: no method named `fill_trace_row` found for struct `adapters::jalr::Rv32JalrAdapterStep` in the current scope
   --> extensions/rv32im/circuit/src/jalr/core.rs:287:22
    |
287 |         self.adapter.fill_trace_row(mem_helper, adapter_row);
    |                      ^^^^^^^^^^^^^^ method not found in `Rv32JalrAdapterStep`
    |
   ::: extensions/rv32im/circuit/src/adapters/jalr.rs:163:1
    |
163 | pub struct Rv32JalrAdapterStep;
    | ------------------------------ method `fill_trace_row` not found for this struct
    |
    = help: items from traits can only be used if the trait is implemented and in scope
    = note: the following traits define an item `fill_trace_row`, perhaps you need to implement one of them:
            candidate #1: `AdapterTraceFiller`
            candidate #2: `TraceFiller`

error[E0282]: type annotations needed
   --> extensions/rv32im/circuit/src/less_than/core.rs:188:12
    |
188 | pub struct LessThanFiller<F, A, const NUM_LIMBS: usize, const LIMB_BITS: usize> {
    |            ^^^^^^^^^^^^^^ cannot infer type for type parameter `F` declared on the struct `LessThanFiller`

error[E0282]: type annotations needed
   --> extensions/rv32im/circuit/src/load_sign_extend/core.rs:196:12
    |
196 | pub struct LoadSignExtendFiller<
    |            ^^^^^^^^^^^^^^^^^^^^ cannot infer type for type parameter `F` declared on the struct `LoadSignExtendFiller`

error[E0282]: type annotations needed
   --> extensions/rv32im/circuit/src/loadstore/core.rs:263:12
    |
263 | pub struct LoadStoreFiller<
    |            ^^^^^^^^^^^^^^^ cannot infer type for type parameter `F` declared on the struct `LoadStoreFiller`

error[E0609]: no field `mem_helper` on type `&loadstore::core::LoadStoreFiller<F, A, NUM_CELLS>`
   --> extensions/rv32im/circuit/src/loadstore/core.rs:338:43
    |
338 |         self.adapter.fill_trace_row(&self.mem_helper, adapter_row);
    |                                           ^^^^^^^^^^ unknown field
    |
    = note: available fields are: `adapter`, `offset`

error[E0277]: `BitwiseOperationLookupChip<LIMB_BITS>` doesn't implement `Debug`
   --> extensions/rv32im/circuit/src/mulh/core.rs:210:5
    |
207 | #[derive(Clone, Copy, Debug)]
    |                       ----- in this derive macro expansion
...
210 |     pub bitwise_lookup_chip: SharedBitwiseOperationLookupChip<LIMB_BITS>,
    |     ^^^^^^^^^^^^^^^^^^^^^^^^^^^^^^^^^^^^^^^^^^^^^^^^^^^^^^^^^^^^^^^^^^^^ `BitwiseOperationLookupChip<LIMB_BITS>` cannot be formatted using `{:?}` because it doesn't implement `Debug`
    |
    = help: the trait `Debug` is not implemented for `BitwiseOperationLookupChip<LIMB_BITS>`
    = help: the trait `Debug` is implemented for `Arc<T, A>`
    = note: this error originates in the derive macro `Debug` (in Nightly builds, run with -Z macro-backtrace for more info)

error[E0308]: mismatched types
   --> extensions/rv32im/circuit/src/shift/core.rs:284:13
    |
275 | impl<F, A, const NUM_LIMBS: usize, const LIMB_BITS: usize> ShiftFiller<F, A, NUM_LIMBS, LIMB_BITS> {
    |      -  - found type parameter
    |      |
    |      expected type parameter
...
284 |             adapter,
    |             ^^^^^^^ expected type parameter `F`, found type parameter `A`
    |
    = note: expected type parameter `F`
               found type parameter `A`
    = note: a type parameter was expected, but a different one was found; you might be missing a type parameter or trait bound
    = note: for more information, visit https://doc.rust-lang.org/book/ch10-02-traits.html#traits-as-parameters

error[E0599]: no method named `system` found for mutable reference `&mut openvm_circuit::arch::ExecutorInventory<Rv32IExecutor>` in the current scope
   --> extensions/rv32im/circuit/src/extension.rs:107:42
    |
107 |         let pointer_max_bits = inventory.system().config.memory_config.pointer_max_bits;
    |                                          ^^^^^^ method not found in `&mut ExecutorInventory<Rv32IExecutor>`

error[E0034]: multiple applicable items in scope
   --> extensions/rv32im/circuit/src/extension.rs:115:32
    |
115 |         let shift = ShiftStep::new(Rv32BaseAluAdapterStep, ShiftOpcode::CLASS_OFFSET);
    |                                ^^^ multiple `new` found
    |
note: candidate #1 is defined in an impl for the type `shift::core::ShiftStep<A, NUM_LIMBS, LIMB_BITS>`
   --> extensions/rv32im/circuit/src/shift/core.rs:255:10
    |
255 | #[derive(derive_new::new)]
    |          ^^^^^^^^^^^^^^^
note: candidate #2 is defined in an impl for the type `shift::core::ShiftStep<A, NUM_LIMBS, LIMB_BITS>`
   --> extensions/rv32im/circuit/src/shift/core.rs:269:5
    |
269 |     pub fn new(adapter: A, offset: usize) -> Self {
    |     ^^^^^^^^^^^^^^^^^^^^^^^^^^^^^^^^^^^^^^^^^^^^^
    = note: this error originates in the derive macro `derive_new::new` (in Nightly builds, run with -Z macro-backtrace for more info)

error[E0609]: no field `config` on type `&SystemAirInventory<SC>`
   --> extensions/rv32im/circuit/src/extension.rs:186:51
    |
186 |         let pointer_max_bits = inventory.system().config.memory_config.pointer_max_bits;
    |                                                   ^^^^^^ unknown field
    |
    = note: available fields are: `program`, `connector`, `memory`, `public_values`

error[E0599]: no method named `first` found for opaque type `impl Iterator<Item = &BitwiseOperationLookupAir<8>>` in the current scope
   --> extensions/rv32im/circuit/src/extension.rs:189:86
    |
189 |             if let Some(&air) = inventory.find_air::<BitwiseOperationLookupAir<8>>().first() {
    |                                                                                      ^^^^^ method not found in `impl Iterator<Item = &BitwiseOperationLookupAir<8>>`

error[E0308]: mismatched types
    --> extensions/rv32im/circuit/src/extension.rs:268:12
     |
268  |         Ok(inventory)
     |         -- ^^^^^^^^^ expected `()`, found `&mut AirInventory<SC>`
     |         |
     |         arguments to this function are incorrect
     |
     = note:      expected unit type `()`
             found mutable reference `&mut openvm_circuit::arch::AirInventory<SC>`
help: the return type of this call is `&mut openvm_circuit::arch::AirInventory<SC>` due to the type of the argument passed
    --> extensions/rv32im/circuit/src/extension.rs:268:9
     |
268  |         Ok(inventory)
     |         ^^^---------^
     |            |
     |            this argument influences the return type of `Ok`
note: function defined here
    --> /Users/arayi/.cargo/registry/src/index.crates.io-1949cf8c6b5b557f/eyre-0.6.12/src/lib.rs:1275:8
     |
1275 | pub fn Ok<T>(t: T) -> Result<T> {
     |        ^^

error[E0599]: no method named `clone` found for struct `SharedMemoryHelper` in the current scope
   --> extensions/rv32im/circuit/src/extension.rs:307:24
    |
307 |             mem_helper.clone(),
    |                        ^^^^^ method not found in `SharedMemoryHelper<_>`

error[E0277]: the trait bound `RA: RowMajorMatrixArena<<<<SC as StarkGenericConfig>::Pcs as Pcs<<SC as StarkGenericConfig>::Challenge, <SC as StarkGenericConfig>::Challenger>>::Domain as PolynomialSpace>::Val>` is not satisfied
   --> extensions/rv32im/circuit/src/extension.rs:309:37
    |
309 |         inventory.add_executor_chip(base_alu);
    |                   ----------------- ^^^^^^^^ unsatisfied trait bound
    |                   |
    |                   required by a bound introduced by this call
    |
    = help: the trait `RowMajorMatrixArena<<<<SC as StarkGenericConfig>::Pcs as Pcs<<SC as StarkGenericConfig>::Challenge, <SC as StarkGenericConfig>::Challenger>>::Domain as PolynomialSpace>::Val>` is not implemented for `RA`
    = note: required for `VmChipWrapper<<... as PolynomialSpace>::Val, ...>` to implement `Chip<RA, CpuBackend<SC>>`
note: required by a bound in `openvm_circuit::arch::ChipInventory::<SC, RA, PB>::add_executor_chip`
   --> /Users/arayi/Desktop/Everything/openvm/crates/vm/src/arch/extensions.rs:482:33
    |
482 |     pub fn add_executor_chip<C: Chip<RA, PB> + 'static>(&mut self, chip: C) {
    |                                 ^^^^^^^^^^^^ required by this bound in `ChipInventory::<SC, RA, PB>::add_executor_chip`
    = note: the full name for the type has been written to '/Users/arayi/Desktop/Everything/openvm/target/debug/deps/openvm_rv32im_circuit-752b8014523421b7.long-type-11054827404382520758.txt'
    = note: consider using `--verbose` to print the full type name to the console
help: consider further restricting type parameter `RA` with trait `RowMajorMatrixArena`
    |
276 |     SC: StarkGenericConfig, RA: openvm_circuit::arch::RowMajorMatrixArena<<<<SC as openvm_stark_backend::config::StarkGenericConfig>::Pcs as openvm_stark_backend::p3_commit::Pcs<<SC as openvm_stark_backend::config::StarkGenericConfig>::Challenge, <SC as openvm_stark_backend::config::StarkGenericConfig>::Challenger>>::Domain as openvm_stark_backend::p3_commit::PolynomialSpace>::Val>
    |                           ~~~~~~~~~~~~~~~~~~~~~~~~~~~~~~~~~~~~~~~~~~~~~~~~~~~~~~~~~~~~~~~~~~~~~~~~~~~~~~~~~~~~~~~~~~~~~~~~~~~~~~~~~~~~~~~~~~~~~~~~~~~~~~~~~~~~~~~~~~~~~~~~~~~~~~~~~~~~~~~~~~~~~~~~~~~~~~~~~~~~~~~~~~~~~~~~~~~~~~~~~~~~~~~~~~~~~~~~~~~~~~~~~~~~~~~~~~~~~~~~~~~~~~~~~~~~~~~~~~~~~~~~~~~~~~~~~~~~~~~~~~~~~~~~~~~~~~~~~~~~~~~~~~~~~~~~~~~~~~~~~~~~~~~~~~~~~~~~~~~~~~~~~~~~~~~~~~~~~~

error[E0277]: the trait bound `<<<SC as StarkGenericConfig>::Pcs as Pcs<<SC as StarkGenericConfig>::Challenge, <SC as StarkGenericConfig>::Challenger>>::Domain as PolynomialSpace>::Val: PrimeField32` is not satisfied
   --> extensions/rv32im/circuit/src/extension.rs:309:37
    |
309 |         inventory.add_executor_chip(base_alu);
    |                   ----------------- ^^^^^^^^ the trait `PrimeField32` is not implemented for `<<... as Pcs<..., ...>>::Domain as PolynomialSpace>::Val`
    |                   |
    |                   required by a bound introduced by this call
    |
note: required for `BaseAluFiller<_, ..., {const error}, {const error}>` to implement `TraceFiller<<<<SC as StarkGenericConfig>::Pcs as Pcs<<SC as StarkGenericConfig>::Challenge, <SC as StarkGenericConfig>::Challenger>>::Domain as PolynomialSpace>::Val>`
   --> extensions/rv32im/circuit/src/base_alu/core.rs:250:60
    |
250 | impl<F, A, const NUM_LIMBS: usize, const LIMB_BITS: usize> TraceFiller<F>
    |                                                            ^^^^^^^^^^^^^^
251 |     for BaseAluFiller<A, NUM_LIMBS, LIMB_BITS>
    |         ^^^^^^^^^^^^^^^^^^^^^^^^^^^^^^^^^^^^^^
252 | where
253 |     F: PrimeField32,
    |        ------------ unsatisfied trait bound introduced here
    = note: required for `VmChipWrapper<<... as PolynomialSpace>::Val, ...>` to implement `Chip<RA, CpuBackend<SC>>`
note: required by a bound in `openvm_circuit::arch::ChipInventory::<SC, RA, PB>::add_executor_chip`
   --> /Users/arayi/Desktop/Everything/openvm/crates/vm/src/arch/extensions.rs:482:33
    |
482 |     pub fn add_executor_chip<C: Chip<RA, PB> + 'static>(&mut self, chip: C) {
    |                                 ^^^^^^^^^^^^ required by this bound in `ChipInventory::<SC, RA, PB>::add_executor_chip`
    = note: the full name for the type has been written to '/Users/arayi/Desktop/Everything/openvm/target/debug/deps/openvm_rv32im_circuit-752b8014523421b7.long-type-14280995748784133636.txt'
    = note: consider using `--verbose` to print the full type name to the console
help: consider further restricting the associated type
    |
281 |     ) -> Result<(), ChipInventoryError> where <<<SC as StarkGenericConfig>::Pcs as Pcs<<SC as StarkGenericConfig>::Challenge, <SC as StarkGenericConfig>::Challenger>>::Domain as PolynomialSpace>::Val: PrimeField32 {
    |                                         +++++++++++++++++++++++++++++++++++++++++++++++++++++++++++++++++++++++++++++++++++++++++++++++++++++++++++++++++++++++++++++++++++++++++++++++++++++++++++++++++++++++++++++

error[E0433]: failed to resolve: use of undeclared type `LessThanChip`
   --> extensions/rv32im/circuit/src/extension.rs:313:13
    |
313 |             LessThanChip::new(
    |             ^^^^^^^^^^^^
    |             |
    |             use of undeclared type `LessThanChip`
    |             help: a struct with a similar name exists: `LessThanStep`

error[E0599]: no method named `clone` found for struct `SharedMemoryHelper` in the current scope
   --> extensions/rv32im/circuit/src/extension.rs:318:24
    |
318 |             mem_helper.clone(),
    |                        ^^^^^ method not found in `SharedMemoryHelper<_>`

error[E0599]: no method named `clone` found for struct `SharedMemoryHelper` in the current scope
   --> extensions/rv32im/circuit/src/extension.rs:330:24
    |
330 |             mem_helper.clone(),
    |                        ^^^^^ method not found in `SharedMemoryHelper<_>`

error[E0599]: no method named `clone` found for struct `SharedMemoryHelper` in the current scope
   --> extensions/rv32im/circuit/src/extension.rs:340:24
    |
340 |             mem_helper.clone(),
    |                        ^^^^^ method not found in `SharedMemoryHelper<_>`

error[E0277]: the trait bound `RA: RowMajorMatrixArena<<<<SC as StarkGenericConfig>::Pcs as Pcs<<SC as StarkGenericConfig>::Challenge, <SC as StarkGenericConfig>::Challenger>>::Domain as PolynomialSpace>::Val>` is not satisfied
   --> extensions/rv32im/circuit/src/extension.rs:342:37
    |
342 |         inventory.add_executor_chip(load_store_chip);
    |                   ----------------- ^^^^^^^^^^^^^^^ unsatisfied trait bound
    |                   |
    |                   required by a bound introduced by this call
    |
    = help: the trait `RowMajorMatrixArena<<<<SC as StarkGenericConfig>::Pcs as Pcs<<SC as StarkGenericConfig>::Challenge, <SC as StarkGenericConfig>::Challenger>>::Domain as PolynomialSpace>::Val>` is not implemented for `RA`
    = note: required for `VmChipWrapper<<... as PolynomialSpace>::Val, ...>` to implement `Chip<RA, CpuBackend<SC>>`
note: required by a bound in `openvm_circuit::arch::ChipInventory::<SC, RA, PB>::add_executor_chip`
   --> /Users/arayi/Desktop/Everything/openvm/crates/vm/src/arch/extensions.rs:482:33
    |
482 |     pub fn add_executor_chip<C: Chip<RA, PB> + 'static>(&mut self, chip: C) {
    |                                 ^^^^^^^^^^^^ required by this bound in `ChipInventory::<SC, RA, PB>::add_executor_chip`
    = note: the full name for the type has been written to '/Users/arayi/Desktop/Everything/openvm/target/debug/deps/openvm_rv32im_circuit-752b8014523421b7.long-type-10923718664233121445.txt'
    = note: consider using `--verbose` to print the full type name to the console
help: consider further restricting type parameter `RA` with trait `RowMajorMatrixArena`
    |
276 |     SC: StarkGenericConfig, RA: openvm_circuit::arch::RowMajorMatrixArena<<<<SC as openvm_stark_backend::config::StarkGenericConfig>::Pcs as openvm_stark_backend::p3_commit::Pcs<<SC as openvm_stark_backend::config::StarkGenericConfig>::Challenge, <SC as openvm_stark_backend::config::StarkGenericConfig>::Challenger>>::Domain as openvm_stark_backend::p3_commit::PolynomialSpace>::Val>
    |                           ~~~~~~~~~~~~~~~~~~~~~~~~~~~~~~~~~~~~~~~~~~~~~~~~~~~~~~~~~~~~~~~~~~~~~~~~~~~~~~~~~~~~~~~~~~~~~~~~~~~~~~~~~~~~~~~~~~~~~~~~~~~~~~~~~~~~~~~~~~~~~~~~~~~~~~~~~~~~~~~~~~~~~~~~~~~~~~~~~~~~~~~~~~~~~~~~~~~~~~~~~~~~~~~~~~~~~~~~~~~~~~~~~~~~~~~~~~~~~~~~~~~~~~~~~~~~~~~~~~~~~~~~~~~~~~~~~~~~~~~~~~~~~~~~~~~~~~~~~~~~~~~~~~~~~~~~~~~~~~~~~~~~~~~~~~~~~~~~~~~~~~~~~~~~~~~~~~~~~~

error[E0277]: the trait bound `<<<SC as StarkGenericConfig>::Pcs as Pcs<<SC as StarkGenericConfig>::Challenge, <SC as StarkGenericConfig>::Challenger>>::Domain as PolynomialSpace>::Val: PrimeField32` is not satisfied
   --> extensions/rv32im/circuit/src/extension.rs:342:37
    |
342 |         inventory.add_executor_chip(load_store_chip);
    |                   ----------------- ^^^^^^^^^^^^^^^ the trait `PrimeField32` is not implemented for `<<... as Pcs<..., ...>>::Domain as PolynomialSpace>::Val`
    |                   |
    |                   required by a bound introduced by this call
    |
note: required for `LoadStoreFiller<<... as PolynomialSpace>::Val, ..., _>` to implement `TraceFiller<<<<SC as StarkGenericConfig>::Pcs as Pcs<<SC as StarkGenericConfig>::Challenge, <SC as StarkGenericConfig>::Challenger>>::Domain as PolynomialSpace>::Val>`
   --> extensions/rv32im/circuit/src/loadstore/core.rs:331:36
    |
331 | impl<F, A, const NUM_CELLS: usize> TraceFiller<F> for LoadStoreFiller<F, A, NUM_CELLS>
    |                                    ^^^^^^^^^^^^^^     ^^^^^^^^^^^^^^^^^^^^^^^^^^^^^^^^
332 | where
333 |     F: PrimeField32,
    |        ------------ unsatisfied trait bound introduced here
    = note: required for `VmChipWrapper<<... as PolynomialSpace>::Val, ...>` to implement `Chip<RA, CpuBackend<SC>>`
note: required by a bound in `openvm_circuit::arch::ChipInventory::<SC, RA, PB>::add_executor_chip`
   --> /Users/arayi/Desktop/Everything/openvm/crates/vm/src/arch/extensions.rs:482:33
    |
482 |     pub fn add_executor_chip<C: Chip<RA, PB> + 'static>(&mut self, chip: C) {
    |                                 ^^^^^^^^^^^^ required by this bound in `ChipInventory::<SC, RA, PB>::add_executor_chip`
    = note: the full name for the type has been written to '/Users/arayi/Desktop/Everything/openvm/target/debug/deps/openvm_rv32im_circuit-752b8014523421b7.long-type-2282040543772795330.txt'
    = note: consider using `--verbose` to print the full type name to the console
help: consider further restricting the associated type
    |
281 |     ) -> Result<(), ChipInventoryError> where <<<SC as StarkGenericConfig>::Pcs as Pcs<<SC as StarkGenericConfig>::Challenge, <SC as StarkGenericConfig>::Challenger>>::Domain as PolynomialSpace>::Val: PrimeField32 {
    |                                         +++++++++++++++++++++++++++++++++++++++++++++++++++++++++++++++++++++++++++++++++++++++++++++++++++++++++++++++++++++++++++++++++++++++++++++++++++++++++++++++++++++++++++++

error[E0599]: no method named `clone` found for struct `SharedMemoryHelper` in the current scope
   --> extensions/rv32im/circuit/src/extension.rs:350:24
    |
350 |             mem_helper.clone(),
    |                        ^^^^^ method not found in `SharedMemoryHelper<_>`

error[E0277]: the trait bound `RA: RowMajorMatrixArena<<<<SC as StarkGenericConfig>::Pcs as Pcs<<SC as StarkGenericConfig>::Challenge, <SC as StarkGenericConfig>::Challenger>>::Domain as PolynomialSpace>::Val>` is not satisfied
   --> extensions/rv32im/circuit/src/extension.rs:352:37
    |
352 |         inventory.add_executor_chip(load_sign_extend);
    |                   ----------------- ^^^^^^^^^^^^^^^^ unsatisfied trait bound
    |                   |
    |                   required by a bound introduced by this call
    |
    = help: the trait `RowMajorMatrixArena<<<<SC as StarkGenericConfig>::Pcs as Pcs<<SC as StarkGenericConfig>::Challenge, <SC as StarkGenericConfig>::Challenger>>::Domain as PolynomialSpace>::Val>` is not implemented for `RA`
    = note: required for `VmChipWrapper<<... as PolynomialSpace>::Val, ...>` to implement `Chip<RA, CpuBackend<SC>>`
note: required by a bound in `openvm_circuit::arch::ChipInventory::<SC, RA, PB>::add_executor_chip`
   --> /Users/arayi/Desktop/Everything/openvm/crates/vm/src/arch/extensions.rs:482:33
    |
482 |     pub fn add_executor_chip<C: Chip<RA, PB> + 'static>(&mut self, chip: C) {
    |                                 ^^^^^^^^^^^^ required by this bound in `ChipInventory::<SC, RA, PB>::add_executor_chip`
    = note: the full name for the type has been written to '/Users/arayi/Desktop/Everything/openvm/target/debug/deps/openvm_rv32im_circuit-752b8014523421b7.long-type-7504388511484041295.txt'
    = note: consider using `--verbose` to print the full type name to the console
help: consider further restricting type parameter `RA` with trait `RowMajorMatrixArena`
    |
276 |     SC: StarkGenericConfig, RA: openvm_circuit::arch::RowMajorMatrixArena<<<<SC as openvm_stark_backend::config::StarkGenericConfig>::Pcs as openvm_stark_backend::p3_commit::Pcs<<SC as openvm_stark_backend::config::StarkGenericConfig>::Challenge, <SC as openvm_stark_backend::config::StarkGenericConfig>::Challenger>>::Domain as openvm_stark_backend::p3_commit::PolynomialSpace>::Val>
    |                           ~~~~~~~~~~~~~~~~~~~~~~~~~~~~~~~~~~~~~~~~~~~~~~~~~~~~~~~~~~~~~~~~~~~~~~~~~~~~~~~~~~~~~~~~~~~~~~~~~~~~~~~~~~~~~~~~~~~~~~~~~~~~~~~~~~~~~~~~~~~~~~~~~~~~~~~~~~~~~~~~~~~~~~~~~~~~~~~~~~~~~~~~~~~~~~~~~~~~~~~~~~~~~~~~~~~~~~~~~~~~~~~~~~~~~~~~~~~~~~~~~~~~~~~~~~~~~~~~~~~~~~~~~~~~~~~~~~~~~~~~~~~~~~~~~~~~~~~~~~~~~~~~~~~~~~~~~~~~~~~~~~~~~~~~~~~~~~~~~~~~~~~~~~~~~~~~~~~~~~

error[E0277]: the trait bound `<<<SC as StarkGenericConfig>::Pcs as Pcs<<SC as StarkGenericConfig>::Challenge, <SC as StarkGenericConfig>::Challenger>>::Domain as PolynomialSpace>::Val: PrimeField32` is not satisfied
   --> extensions/rv32im/circuit/src/extension.rs:352:37
    |
352 |         inventory.add_executor_chip(load_sign_extend);
    |                   ----------------- ^^^^^^^^^^^^^^^^ the trait `PrimeField32` is not implemented for `<<... as Pcs<..., ...>>::Domain as PolynomialSpace>::Val`
    |                   |
    |                   required by a bound introduced by this call
    |
note: required for `LoadSignExtendFiller<<... as PolynomialSpace>::Val, ..., _, _>` to implement `TraceFiller<<<<SC as StarkGenericConfig>::Pcs as Pcs<<SC as StarkGenericConfig>::Challenge, <SC as StarkGenericConfig>::Challenger>>::Domain as PolynomialSpace>::Val>`
   --> extensions/rv32im/circuit/src/load_sign_extend/core.rs:276:60
    |
276 | impl<F, A, const NUM_CELLS: usize, const LIMB_BITS: usize> TraceFiller<F>
    |                                                            ^^^^^^^^^^^^^^
277 |     for LoadSignExtendFiller<F, A, NUM_CELLS, LIMB_BITS>
    |         ^^^^^^^^^^^^^^^^^^^^^^^^^^^^^^^^^^^^^^^^^^^^^^^^
278 | where
279 |     F: PrimeField32,
    |        ------------ unsatisfied trait bound introduced here
    = note: required for `VmChipWrapper<<... as PolynomialSpace>::Val, ...>` to implement `Chip<RA, CpuBackend<SC>>`
note: required by a bound in `openvm_circuit::arch::ChipInventory::<SC, RA, PB>::add_executor_chip`
   --> /Users/arayi/Desktop/Everything/openvm/crates/vm/src/arch/extensions.rs:482:33
    |
482 |     pub fn add_executor_chip<C: Chip<RA, PB> + 'static>(&mut self, chip: C) {
    |                                 ^^^^^^^^^^^^ required by this bound in `ChipInventory::<SC, RA, PB>::add_executor_chip`
    = note: the full name for the type has been written to '/Users/arayi/Desktop/Everything/openvm/target/debug/deps/openvm_rv32im_circuit-752b8014523421b7.long-type-8849252013441401251.txt'
    = note: consider using `--verbose` to print the full type name to the console
help: consider further restricting the associated type
    |
281 |     ) -> Result<(), ChipInventoryError> where <<<SC as StarkGenericConfig>::Pcs as Pcs<<SC as StarkGenericConfig>::Challenge, <SC as StarkGenericConfig>::Challenger>>::Domain as PolynomialSpace>::Val: PrimeField32 {
    |                                         +++++++++++++++++++++++++++++++++++++++++++++++++++++++++++++++++++++++++++++++++++++++++++++++++++++++++++++++++++++++++++++++++++++++++++++++++++++++++++++++++++++++++++++

error[E0599]: no method named `clone` found for struct `SharedMemoryHelper` in the current scope
   --> extensions/rv32im/circuit/src/extension.rs:361:24
    |
361 |             mem_helper.clone(),
    |                        ^^^^^ method not found in `SharedMemoryHelper<_>`

error[E0277]: the trait bound `RA: RowMajorMatrixArena<<<<SC as StarkGenericConfig>::Pcs as Pcs<<SC as StarkGenericConfig>::Challenge, <SC as StarkGenericConfig>::Challenger>>::Domain as PolynomialSpace>::Val>` is not satisfied
   --> extensions/rv32im/circuit/src/extension.rs:363:37
    |
363 |         inventory.add_executor_chip(beq);
    |                   ----------------- ^^^ unsatisfied trait bound
    |                   |
    |                   required by a bound introduced by this call
    |
    = help: the trait `RowMajorMatrixArena<<<<SC as StarkGenericConfig>::Pcs as Pcs<<SC as StarkGenericConfig>::Challenge, <SC as StarkGenericConfig>::Challenger>>::Domain as PolynomialSpace>::Val>` is not implemented for `RA`
    = note: required for `VmChipWrapper<<... as PolynomialSpace>::Val, ...>` to implement `Chip<RA, CpuBackend<SC>>`
note: required by a bound in `openvm_circuit::arch::ChipInventory::<SC, RA, PB>::add_executor_chip`
   --> /Users/arayi/Desktop/Everything/openvm/crates/vm/src/arch/extensions.rs:482:33
    |
482 |     pub fn add_executor_chip<C: Chip<RA, PB> + 'static>(&mut self, chip: C) {
    |                                 ^^^^^^^^^^^^ required by this bound in `ChipInventory::<SC, RA, PB>::add_executor_chip`
    = note: the full name for the type has been written to '/Users/arayi/Desktop/Everything/openvm/target/debug/deps/openvm_rv32im_circuit-752b8014523421b7.long-type-13540772948294625438.txt'
    = note: consider using `--verbose` to print the full type name to the console
help: consider further restricting type parameter `RA` with trait `RowMajorMatrixArena`
    |
276 |     SC: StarkGenericConfig, RA: openvm_circuit::arch::RowMajorMatrixArena<<<<SC as openvm_stark_backend::config::StarkGenericConfig>::Pcs as openvm_stark_backend::p3_commit::Pcs<<SC as openvm_stark_backend::config::StarkGenericConfig>::Challenge, <SC as openvm_stark_backend::config::StarkGenericConfig>::Challenger>>::Domain as openvm_stark_backend::p3_commit::PolynomialSpace>::Val>
    |                           ~~~~~~~~~~~~~~~~~~~~~~~~~~~~~~~~~~~~~~~~~~~~~~~~~~~~~~~~~~~~~~~~~~~~~~~~~~~~~~~~~~~~~~~~~~~~~~~~~~~~~~~~~~~~~~~~~~~~~~~~~~~~~~~~~~~~~~~~~~~~~~~~~~~~~~~~~~~~~~~~~~~~~~~~~~~~~~~~~~~~~~~~~~~~~~~~~~~~~~~~~~~~~~~~~~~~~~~~~~~~~~~~~~~~~~~~~~~~~~~~~~~~~~~~~~~~~~~~~~~~~~~~~~~~~~~~~~~~~~~~~~~~~~~~~~~~~~~~~~~~~~~~~~~~~~~~~~~~~~~~~~~~~~~~~~~~~~~~~~~~~~~~~~~~~~~~~~~~~~

error[E0277]: the trait bound `<<<SC as StarkGenericConfig>::Pcs as Pcs<<SC as StarkGenericConfig>::Challenge, <SC as StarkGenericConfig>::Challenger>>::Domain as PolynomialSpace>::Val: PrimeField32` is not satisfied
   --> extensions/rv32im/circuit/src/extension.rs:363:37
    |
363 |         inventory.add_executor_chip(beq);
    |                   ----------------- ^^^ the trait `PrimeField32` is not implemented for `<<... as Pcs<..., ...>>::Domain as PolynomialSpace>::Val`
    |                   |
    |                   required by a bound introduced by this call
    |
note: required for `BranchEqualFiller<<... as PolynomialSpace>::Val, ..., _>` to implement `TraceFiller<<<<SC as StarkGenericConfig>::Pcs as Pcs<<SC as StarkGenericConfig>::Challenge, <SC as StarkGenericConfig>::Challenger>>::Domain as PolynomialSpace>::Val>`
   --> extensions/rv32im/circuit/src/branch_eq/core.rs:211:36
    |
211 | impl<F, A, const NUM_LIMBS: usize> TraceFiller<F> for BranchEqualFiller<F, A, NUM_LIMBS>
    |                                    ^^^^^^^^^^^^^^     ^^^^^^^^^^^^^^^^^^^^^^^^^^^^^^^^^^
212 | where
213 |     F: PrimeField32,
    |        ------------ unsatisfied trait bound introduced here
    = note: required for `VmChipWrapper<<... as PolynomialSpace>::Val, ...>` to implement `Chip<RA, CpuBackend<SC>>`
note: required by a bound in `openvm_circuit::arch::ChipInventory::<SC, RA, PB>::add_executor_chip`
   --> /Users/arayi/Desktop/Everything/openvm/crates/vm/src/arch/extensions.rs:482:33
    |
482 |     pub fn add_executor_chip<C: Chip<RA, PB> + 'static>(&mut self, chip: C) {
    |                                 ^^^^^^^^^^^^ required by this bound in `ChipInventory::<SC, RA, PB>::add_executor_chip`
    = note: the full name for the type has been written to '/Users/arayi/Desktop/Everything/openvm/target/debug/deps/openvm_rv32im_circuit-752b8014523421b7.long-type-6256395705442140896.txt'
    = note: consider using `--verbose` to print the full type name to the console
help: consider further restricting the associated type
    |
281 |     ) -> Result<(), ChipInventoryError> where <<<SC as StarkGenericConfig>::Pcs as Pcs<<SC as StarkGenericConfig>::Challenge, <SC as StarkGenericConfig>::Challenger>>::Domain as PolynomialSpace>::Val: PrimeField32 {
    |                                         +++++++++++++++++++++++++++++++++++++++++++++++++++++++++++++++++++++++++++++++++++++++++++++++++++++++++++++++++++++++++++++++++++++++++++++++++++++++++++++++++++++++++++++

error[E0277]: the trait bound `branch::Rv32BranchAdapterStep: AdapterTraceFiller<<<<SC as StarkGenericConfig>::Pcs as Pcs<<SC as StarkGenericConfig>::Challenge, <SC as StarkGenericConfig>::Challenger>>::Domain as PolynomialSpace>::Val>` is not satisfied
   --> extensions/rv32im/circuit/src/extension.rs:363:37
    |
363 |         inventory.add_executor_chip(beq);
    |                   ----------------- ^^^ unsatisfied trait bound
    |                   |
    |                   required by a bound introduced by this call
    |
    = help: the trait `AdapterTraceFiller<<<<SC as StarkGenericConfig>::Pcs as Pcs<<SC as StarkGenericConfig>::Challenge, <SC as StarkGenericConfig>::Challenger>>::Domain as PolynomialSpace>::Val>` is not implemented for `branch::Rv32BranchAdapterStep`
    = help: the following other types implement trait `AdapterTraceFiller<F>`:
              NativeAdapterStep<F, R, W>
              Rv32BranchAdapterFiller
              Rv32JalrAdapterFiller
              Rv32RdWriteAdapterFiller
              adapters::loadstore::Rv32LoadStoreAdapterFiller
              adapters::mul::Rv32MultAdapterFiller
              alu::Rv32BaseAluAdapterFiller<LIMB_BITS>
              rdwrite::Rv32CondRdWriteAdapterStep
note: required for `BranchEqualFiller<<... as PolynomialSpace>::Val, ..., _>` to implement `TraceFiller<<<<SC as StarkGenericConfig>::Pcs as Pcs<<SC as StarkGenericConfig>::Challenge, <SC as StarkGenericConfig>::Challenger>>::Domain as PolynomialSpace>::Val>`
   --> extensions/rv32im/circuit/src/branch_eq/core.rs:211:36
    |
211 | impl<F, A, const NUM_LIMBS: usize> TraceFiller<F> for BranchEqualFiller<F, A, NUM_LIMBS>
    |                                    ^^^^^^^^^^^^^^     ^^^^^^^^^^^^^^^^^^^^^^^^^^^^^^^^^^
...
214 |     A: 'static + AdapterTraceFiller<F>,
    |                  --------------------- unsatisfied trait bound introduced here
    = note: required for `VmChipWrapper<<... as PolynomialSpace>::Val, ...>` to implement `Chip<RA, CpuBackend<SC>>`
note: required by a bound in `openvm_circuit::arch::ChipInventory::<SC, RA, PB>::add_executor_chip`
   --> /Users/arayi/Desktop/Everything/openvm/crates/vm/src/arch/extensions.rs:482:33
    |
482 |     pub fn add_executor_chip<C: Chip<RA, PB> + 'static>(&mut self, chip: C) {
    |                                 ^^^^^^^^^^^^ required by this bound in `ChipInventory::<SC, RA, PB>::add_executor_chip`
    = note: the full name for the type has been written to '/Users/arayi/Desktop/Everything/openvm/target/debug/deps/openvm_rv32im_circuit-752b8014523421b7.long-type-6256395705442140896.txt'
    = note: consider using `--verbose` to print the full type name to the console

error[E0599]: no method named `clone` found for struct `SharedMemoryHelper` in the current scope
   --> extensions/rv32im/circuit/src/extension.rs:372:24
    |
372 |             mem_helper.clone(),
    |                        ^^^^^ method not found in `SharedMemoryHelper<_>`

error[E0277]: the trait bound `RA: RowMajorMatrixArena<<<<SC as StarkGenericConfig>::Pcs as Pcs<<SC as StarkGenericConfig>::Challenge, <SC as StarkGenericConfig>::Challenger>>::Domain as PolynomialSpace>::Val>` is not satisfied
   --> extensions/rv32im/circuit/src/extension.rs:374:37
    |
374 |         inventory.add_executor_chip(blt);
    |                   ----------------- ^^^ unsatisfied trait bound
    |                   |
    |                   required by a bound introduced by this call
    |
    = help: the trait `RowMajorMatrixArena<<<<SC as StarkGenericConfig>::Pcs as Pcs<<SC as StarkGenericConfig>::Challenge, <SC as StarkGenericConfig>::Challenger>>::Domain as PolynomialSpace>::Val>` is not implemented for `RA`
    = note: required for `VmChipWrapper<<... as PolynomialSpace>::Val, ...>` to implement `Chip<RA, CpuBackend<SC>>`
note: required by a bound in `openvm_circuit::arch::ChipInventory::<SC, RA, PB>::add_executor_chip`
   --> /Users/arayi/Desktop/Everything/openvm/crates/vm/src/arch/extensions.rs:482:33
    |
482 |     pub fn add_executor_chip<C: Chip<RA, PB> + 'static>(&mut self, chip: C) {
    |                                 ^^^^^^^^^^^^ required by this bound in `ChipInventory::<SC, RA, PB>::add_executor_chip`
    = note: the full name for the type has been written to '/Users/arayi/Desktop/Everything/openvm/target/debug/deps/openvm_rv32im_circuit-752b8014523421b7.long-type-14750404172698754993.txt'
    = note: consider using `--verbose` to print the full type name to the console
help: consider further restricting type parameter `RA` with trait `RowMajorMatrixArena`
    |
276 |     SC: StarkGenericConfig, RA: openvm_circuit::arch::RowMajorMatrixArena<<<<SC as openvm_stark_backend::config::StarkGenericConfig>::Pcs as openvm_stark_backend::p3_commit::Pcs<<SC as openvm_stark_backend::config::StarkGenericConfig>::Challenge, <SC as openvm_stark_backend::config::StarkGenericConfig>::Challenger>>::Domain as openvm_stark_backend::p3_commit::PolynomialSpace>::Val>
    |                           ~~~~~~~~~~~~~~~~~~~~~~~~~~~~~~~~~~~~~~~~~~~~~~~~~~~~~~~~~~~~~~~~~~~~~~~~~~~~~~~~~~~~~~~~~~~~~~~~~~~~~~~~~~~~~~~~~~~~~~~~~~~~~~~~~~~~~~~~~~~~~~~~~~~~~~~~~~~~~~~~~~~~~~~~~~~~~~~~~~~~~~~~~~~~~~~~~~~~~~~~~~~~~~~~~~~~~~~~~~~~~~~~~~~~~~~~~~~~~~~~~~~~~~~~~~~~~~~~~~~~~~~~~~~~~~~~~~~~~~~~~~~~~~~~~~~~~~~~~~~~~~~~~~~~~~~~~~~~~~~~~~~~~~~~~~~~~~~~~~~~~~~~~~~~~~~~~~~~~~

error[E0277]: the trait bound `<<<SC as StarkGenericConfig>::Pcs as Pcs<<SC as StarkGenericConfig>::Challenge, <SC as StarkGenericConfig>::Challenger>>::Domain as PolynomialSpace>::Val: PrimeField32` is not satisfied
   --> extensions/rv32im/circuit/src/extension.rs:374:37
    |
374 |         inventory.add_executor_chip(blt);
    |                   ----------------- ^^^ the trait `PrimeField32` is not implemented for `<<... as Pcs<..., ...>>::Domain as PolynomialSpace>::Val`
    |                   |
    |                   required by a bound introduced by this call
    |
note: required for `BranchLessThanFiller<<... as PolynomialSpace>::Val, ..., _, _>` to implement `TraceFiller<<<<SC as StarkGenericConfig>::Pcs as Pcs<<SC as StarkGenericConfig>::Challenge, <SC as StarkGenericConfig>::Challenger>>::Domain as PolynomialSpace>::Val>`
   --> extensions/rv32im/circuit/src/branch_lt/core.rs:269:60
    |
269 | impl<F, A, const NUM_LIMBS: usize, const LIMB_BITS: usize> TraceFiller<F>
    |                                                            ^^^^^^^^^^^^^^
270 |     for BranchLessThanFiller<F, A, NUM_LIMBS, LIMB_BITS>
    |         ^^^^^^^^^^^^^^^^^^^^^^^^^^^^^^^^^^^^^^^^^^^^^^^^
271 | where
272 |     F: PrimeField32,
    |        ------------ unsatisfied trait bound introduced here
    = note: required for `VmChipWrapper<<... as PolynomialSpace>::Val, ...>` to implement `Chip<RA, CpuBackend<SC>>`
note: required by a bound in `openvm_circuit::arch::ChipInventory::<SC, RA, PB>::add_executor_chip`
   --> /Users/arayi/Desktop/Everything/openvm/crates/vm/src/arch/extensions.rs:482:33
    |
482 |     pub fn add_executor_chip<C: Chip<RA, PB> + 'static>(&mut self, chip: C) {
    |                                 ^^^^^^^^^^^^ required by this bound in `ChipInventory::<SC, RA, PB>::add_executor_chip`
    = note: the full name for the type has been written to '/Users/arayi/Desktop/Everything/openvm/target/debug/deps/openvm_rv32im_circuit-752b8014523421b7.long-type-5153046227197940194.txt'
    = note: consider using `--verbose` to print the full type name to the console
help: consider further restricting the associated type
    |
281 |     ) -> Result<(), ChipInventoryError> where <<<SC as StarkGenericConfig>::Pcs as Pcs<<SC as StarkGenericConfig>::Challenge, <SC as StarkGenericConfig>::Challenger>>::Domain as PolynomialSpace>::Val: PrimeField32 {
    |                                         +++++++++++++++++++++++++++++++++++++++++++++++++++++++++++++++++++++++++++++++++++++++++++++++++++++++++++++++++++++++++++++++++++++++++++++++++++++++++++++++++++++++++++++

error[E0277]: the trait bound `branch::Rv32BranchAdapterStep: AdapterTraceFiller<<<<SC as StarkGenericConfig>::Pcs as Pcs<<SC as StarkGenericConfig>::Challenge, <SC as StarkGenericConfig>::Challenger>>::Domain as PolynomialSpace>::Val>` is not satisfied
   --> extensions/rv32im/circuit/src/extension.rs:374:37
    |
374 |         inventory.add_executor_chip(blt);
    |                   ----------------- ^^^ unsatisfied trait bound
    |                   |
    |                   required by a bound introduced by this call
    |
    = help: the trait `AdapterTraceFiller<<<<SC as StarkGenericConfig>::Pcs as Pcs<<SC as StarkGenericConfig>::Challenge, <SC as StarkGenericConfig>::Challenger>>::Domain as PolynomialSpace>::Val>` is not implemented for `branch::Rv32BranchAdapterStep`
    = help: the following other types implement trait `AdapterTraceFiller<F>`:
              NativeAdapterStep<F, R, W>
              Rv32BranchAdapterFiller
              Rv32JalrAdapterFiller
              Rv32RdWriteAdapterFiller
              adapters::loadstore::Rv32LoadStoreAdapterFiller
              adapters::mul::Rv32MultAdapterFiller
              alu::Rv32BaseAluAdapterFiller<LIMB_BITS>
              rdwrite::Rv32CondRdWriteAdapterStep
note: required for `BranchLessThanFiller<<... as PolynomialSpace>::Val, ..., _, _>` to implement `TraceFiller<<<<SC as StarkGenericConfig>::Pcs as Pcs<<SC as StarkGenericConfig>::Challenge, <SC as StarkGenericConfig>::Challenger>>::Domain as PolynomialSpace>::Val>`
   --> extensions/rv32im/circuit/src/branch_lt/core.rs:269:60
    |
269 | impl<F, A, const NUM_LIMBS: usize, const LIMB_BITS: usize> TraceFiller<F>
    |                                                            ^^^^^^^^^^^^^^
270 |     for BranchLessThanFiller<F, A, NUM_LIMBS, LIMB_BITS>
    |         ^^^^^^^^^^^^^^^^^^^^^^^^^^^^^^^^^^^^^^^^^^^^^^^^
...
273 |     A: 'static + AdapterTraceFiller<F>,
    |                  --------------------- unsatisfied trait bound introduced here
    = note: required for `VmChipWrapper<<... as PolynomialSpace>::Val, ...>` to implement `Chip<RA, CpuBackend<SC>>`
note: required by a bound in `openvm_circuit::arch::ChipInventory::<SC, RA, PB>::add_executor_chip`
   --> /Users/arayi/Desktop/Everything/openvm/crates/vm/src/arch/extensions.rs:482:33
    |
482 |     pub fn add_executor_chip<C: Chip<RA, PB> + 'static>(&mut self, chip: C) {
    |                                 ^^^^^^^^^^^^ required by this bound in `ChipInventory::<SC, RA, PB>::add_executor_chip`
    = note: the full name for the type has been written to '/Users/arayi/Desktop/Everything/openvm/target/debug/deps/openvm_rv32im_circuit-752b8014523421b7.long-type-5153046227197940194.txt'
    = note: consider using `--verbose` to print the full type name to the console

error[E0599]: no method named `clone` found for struct `SharedMemoryHelper` in the current scope
   --> extensions/rv32im/circuit/src/extension.rs:382:24
    |
382 |             mem_helper.clone(),
    |                        ^^^^^ method not found in `SharedMemoryHelper<_>`

error[E0277]: the trait bound `RA: RowMajorMatrixArena<<<<SC as StarkGenericConfig>::Pcs as Pcs<<SC as StarkGenericConfig>::Challenge, <SC as StarkGenericConfig>::Challenger>>::Domain as PolynomialSpace>::Val>` is not satisfied
   --> extensions/rv32im/circuit/src/extension.rs:384:37
    |
384 |         inventory.add_executor_chip(jal_lui);
    |                   ----------------- ^^^^^^^ unsatisfied trait bound
    |                   |
    |                   required by a bound introduced by this call
    |
    = help: the trait `RowMajorMatrixArena<<<<SC as StarkGenericConfig>::Pcs as Pcs<<SC as StarkGenericConfig>::Challenge, <SC as StarkGenericConfig>::Challenger>>::Domain as PolynomialSpace>::Val>` is not implemented for `RA`
    = note: required for `VmChipWrapper<<... as PolynomialSpace>::Val, ...>` to implement `Chip<RA, CpuBackend<SC>>`
note: required by a bound in `openvm_circuit::arch::ChipInventory::<SC, RA, PB>::add_executor_chip`
   --> /Users/arayi/Desktop/Everything/openvm/crates/vm/src/arch/extensions.rs:482:33
    |
482 |     pub fn add_executor_chip<C: Chip<RA, PB> + 'static>(&mut self, chip: C) {
    |                                 ^^^^^^^^^^^^ required by this bound in `ChipInventory::<SC, RA, PB>::add_executor_chip`
    = note: the full name for the type has been written to '/Users/arayi/Desktop/Everything/openvm/target/debug/deps/openvm_rv32im_circuit-752b8014523421b7.long-type-15671980834291989086.txt'
    = note: consider using `--verbose` to print the full type name to the console
help: consider further restricting type parameter `RA` with trait `RowMajorMatrixArena`
    |
276 |     SC: StarkGenericConfig, RA: openvm_circuit::arch::RowMajorMatrixArena<<<<SC as openvm_stark_backend::config::StarkGenericConfig>::Pcs as openvm_stark_backend::p3_commit::Pcs<<SC as openvm_stark_backend::config::StarkGenericConfig>::Challenge, <SC as openvm_stark_backend::config::StarkGenericConfig>::Challenger>>::Domain as openvm_stark_backend::p3_commit::PolynomialSpace>::Val>
    |                           ~~~~~~~~~~~~~~~~~~~~~~~~~~~~~~~~~~~~~~~~~~~~~~~~~~~~~~~~~~~~~~~~~~~~~~~~~~~~~~~~~~~~~~~~~~~~~~~~~~~~~~~~~~~~~~~~~~~~~~~~~~~~~~~~~~~~~~~~~~~~~~~~~~~~~~~~~~~~~~~~~~~~~~~~~~~~~~~~~~~~~~~~~~~~~~~~~~~~~~~~~~~~~~~~~~~~~~~~~~~~~~~~~~~~~~~~~~~~~~~~~~~~~~~~~~~~~~~~~~~~~~~~~~~~~~~~~~~~~~~~~~~~~~~~~~~~~~~~~~~~~~~~~~~~~~~~~~~~~~~~~~~~~~~~~~~~~~~~~~~~~~~~~~~~~~~~~~~~~~

error[E0277]: the trait bound `<<<SC as StarkGenericConfig>::Pcs as Pcs<<SC as StarkGenericConfig>::Challenge, <SC as StarkGenericConfig>::Challenger>>::Domain as PolynomialSpace>::Val: PrimeField32` is not satisfied
   --> extensions/rv32im/circuit/src/extension.rs:384:37
    |
384 |         inventory.add_executor_chip(jal_lui);
    |                   ----------------- ^^^^^^^ the trait `PrimeField32` is not implemented for `<<... as Pcs<..., ...>>::Domain as PolynomialSpace>::Val`
    |                   |
    |                   required by a bound introduced by this call
    |
note: required for `jal_lui::core::Rv32JalLuiFiller<_>` to implement `TraceFiller<<<<SC as StarkGenericConfig>::Pcs as Pcs<<SC as StarkGenericConfig>::Challenge, <SC as StarkGenericConfig>::Challenger>>::Domain as PolynomialSpace>::Val>`
   --> extensions/rv32im/circuit/src/jal_lui/core.rs:219:12
    |
219 | impl<F, A> TraceFiller<F> for Rv32JalLuiFiller<A>
    |            ^^^^^^^^^^^^^^     ^^^^^^^^^^^^^^^^^^^
220 | where
221 |     F: PrimeField32,
    |        ------------ unsatisfied trait bound introduced here
    = note: required for `VmChipWrapper<<... as PolynomialSpace>::Val, ...>` to implement `Chip<RA, CpuBackend<SC>>`
note: required by a bound in `openvm_circuit::arch::ChipInventory::<SC, RA, PB>::add_executor_chip`
   --> /Users/arayi/Desktop/Everything/openvm/crates/vm/src/arch/extensions.rs:482:33
    |
482 |     pub fn add_executor_chip<C: Chip<RA, PB> + 'static>(&mut self, chip: C) {
    |                                 ^^^^^^^^^^^^ required by this bound in `ChipInventory::<SC, RA, PB>::add_executor_chip`
    = note: the full name for the type has been written to '/Users/arayi/Desktop/Everything/openvm/target/debug/deps/openvm_rv32im_circuit-752b8014523421b7.long-type-15671980834291989086.txt'
    = note: consider using `--verbose` to print the full type name to the console
help: consider further restricting the associated type
    |
281 |     ) -> Result<(), ChipInventoryError> where <<<SC as StarkGenericConfig>::Pcs as Pcs<<SC as StarkGenericConfig>::Challenge, <SC as StarkGenericConfig>::Challenger>>::Domain as PolynomialSpace>::Val: PrimeField32 {
    |                                         +++++++++++++++++++++++++++++++++++++++++++++++++++++++++++++++++++++++++++++++++++++++++++++++++++++++++++++++++++++++++++++++++++++++++++++++++++++++++++++++++++++++++++++

error[E0599]: no method named `clone` found for struct `SharedMemoryHelper` in the current scope
   --> extensions/rv32im/circuit/src/extension.rs:393:24
    |
393 |             mem_helper.clone(),
    |                        ^^^^^ method not found in `SharedMemoryHelper<_>`

error[E0277]: the trait bound `RA: RowMajorMatrixArena<<<<SC as StarkGenericConfig>::Pcs as Pcs<<SC as StarkGenericConfig>::Challenge, <SC as StarkGenericConfig>::Challenger>>::Domain as PolynomialSpace>::Val>` is not satisfied
   --> extensions/rv32im/circuit/src/extension.rs:395:37
    |
395 |         inventory.add_executor_chip(jalr);
    |                   ----------------- ^^^^ unsatisfied trait bound
    |                   |
    |                   required by a bound introduced by this call
    |
    = help: the trait `RowMajorMatrixArena<<<<SC as StarkGenericConfig>::Pcs as Pcs<<SC as StarkGenericConfig>::Challenge, <SC as StarkGenericConfig>::Challenger>>::Domain as PolynomialSpace>::Val>` is not implemented for `RA`
    = note: required for `VmChipWrapper<<... as PolynomialSpace>::Val, ...>` to implement `Chip<RA, CpuBackend<SC>>`
note: required by a bound in `openvm_circuit::arch::ChipInventory::<SC, RA, PB>::add_executor_chip`
   --> /Users/arayi/Desktop/Everything/openvm/crates/vm/src/arch/extensions.rs:482:33
    |
482 |     pub fn add_executor_chip<C: Chip<RA, PB> + 'static>(&mut self, chip: C) {
    |                                 ^^^^^^^^^^^^ required by this bound in `ChipInventory::<SC, RA, PB>::add_executor_chip`
    = note: the full name for the type has been written to '/Users/arayi/Desktop/Everything/openvm/target/debug/deps/openvm_rv32im_circuit-752b8014523421b7.long-type-733474212622833626.txt'
    = note: consider using `--verbose` to print the full type name to the console
help: consider further restricting type parameter `RA` with trait `RowMajorMatrixArena`
    |
276 |     SC: StarkGenericConfig, RA: openvm_circuit::arch::RowMajorMatrixArena<<<<SC as openvm_stark_backend::config::StarkGenericConfig>::Pcs as openvm_stark_backend::p3_commit::Pcs<<SC as openvm_stark_backend::config::StarkGenericConfig>::Challenge, <SC as openvm_stark_backend::config::StarkGenericConfig>::Challenger>>::Domain as openvm_stark_backend::p3_commit::PolynomialSpace>::Val>
    |                           ~~~~~~~~~~~~~~~~~~~~~~~~~~~~~~~~~~~~~~~~~~~~~~~~~~~~~~~~~~~~~~~~~~~~~~~~~~~~~~~~~~~~~~~~~~~~~~~~~~~~~~~~~~~~~~~~~~~~~~~~~~~~~~~~~~~~~~~~~~~~~~~~~~~~~~~~~~~~~~~~~~~~~~~~~~~~~~~~~~~~~~~~~~~~~~~~~~~~~~~~~~~~~~~~~~~~~~~~~~~~~~~~~~~~~~~~~~~~~~~~~~~~~~~~~~~~~~~~~~~~~~~~~~~~~~~~~~~~~~~~~~~~~~~~~~~~~~~~~~~~~~~~~~~~~~~~~~~~~~~~~~~~~~~~~~~~~~~~~~~~~~~~~~~~~~~~~~~~~~

error[E0277]: the trait bound `<<<SC as StarkGenericConfig>::Pcs as Pcs<<SC as StarkGenericConfig>::Challenge, <SC as StarkGenericConfig>::Challenger>>::Domain as PolynomialSpace>::Val: PrimeField32` is not satisfied
   --> extensions/rv32im/circuit/src/extension.rs:395:37
    |
395 |         inventory.add_executor_chip(jalr);
    |                   ----------------- ^^^^ the trait `PrimeField32` is not implemented for `<<... as Pcs<..., ...>>::Domain as PolynomialSpace>::Val`
    |                   |
    |                   required by a bound introduced by this call
    |
note: required for `jalr::core::Rv32JalrFiller<adapters::jalr::Rv32JalrAdapterStep>` to implement `TraceFiller<<<<SC as StarkGenericConfig>::Pcs as Pcs<<SC as StarkGenericConfig>::Challenge, <SC as StarkGenericConfig>::Challenger>>::Domain as PolynomialSpace>::Val>`
   --> extensions/rv32im/circuit/src/jalr/core.rs:279:12
    |
279 | impl<F, A> TraceFiller<F> for Rv32JalrFiller<A>
    |            ^^^^^^^^^^^^^^     ^^^^^^^^^^^^^^^^^
280 | where
281 |     F: PrimeField32,
    |        ------------ unsatisfied trait bound introduced here
    = note: required for `VmChipWrapper<<... as PolynomialSpace>::Val, ...>` to implement `Chip<RA, CpuBackend<SC>>`
note: required by a bound in `openvm_circuit::arch::ChipInventory::<SC, RA, PB>::add_executor_chip`
   --> /Users/arayi/Desktop/Everything/openvm/crates/vm/src/arch/extensions.rs:482:33
    |
482 |     pub fn add_executor_chip<C: Chip<RA, PB> + 'static>(&mut self, chip: C) {
    |                                 ^^^^^^^^^^^^ required by this bound in `ChipInventory::<SC, RA, PB>::add_executor_chip`
    = note: the full name for the type has been written to '/Users/arayi/Desktop/Everything/openvm/target/debug/deps/openvm_rv32im_circuit-752b8014523421b7.long-type-733474212622833626.txt'
    = note: consider using `--verbose` to print the full type name to the console
help: consider further restricting the associated type
    |
281 |     ) -> Result<(), ChipInventoryError> where <<<SC as StarkGenericConfig>::Pcs as Pcs<<SC as StarkGenericConfig>::Challenge, <SC as StarkGenericConfig>::Challenger>>::Domain as PolynomialSpace>::Val: PrimeField32 {
    |                                         +++++++++++++++++++++++++++++++++++++++++++++++++++++++++++++++++++++++++++++++++++++++++++++++++++++++++++++++++++++++++++++++++++++++++++++++++++++++++++++++++++++++++++++

error[E0277]: the trait bound `adapters::jalr::Rv32JalrAdapterStep: AdapterTraceFiller<<<<SC as StarkGenericConfig>::Pcs as Pcs<<SC as StarkGenericConfig>::Challenge, <SC as StarkGenericConfig>::Challenger>>::Domain as PolynomialSpace>::Val>` is not satisfied
   --> extensions/rv32im/circuit/src/extension.rs:395:37
    |
395 |         inventory.add_executor_chip(jalr);
    |                   ----------------- ^^^^ unsatisfied trait bound
    |                   |
    |                   required by a bound introduced by this call
    |
    = help: the trait `AdapterTraceFiller<<<<SC as StarkGenericConfig>::Pcs as Pcs<<SC as StarkGenericConfig>::Challenge, <SC as StarkGenericConfig>::Challenger>>::Domain as PolynomialSpace>::Val>` is not implemented for `adapters::jalr::Rv32JalrAdapterStep`
    = help: the following other types implement trait `AdapterTraceFiller<F>`:
              NativeAdapterStep<F, R, W>
              Rv32BranchAdapterFiller
              Rv32JalrAdapterFiller
              Rv32RdWriteAdapterFiller
              adapters::loadstore::Rv32LoadStoreAdapterFiller
              adapters::mul::Rv32MultAdapterFiller
              alu::Rv32BaseAluAdapterFiller<LIMB_BITS>
              rdwrite::Rv32CondRdWriteAdapterStep
note: required for `jalr::core::Rv32JalrFiller<adapters::jalr::Rv32JalrAdapterStep>` to implement `TraceFiller<<<<SC as StarkGenericConfig>::Pcs as Pcs<<SC as StarkGenericConfig>::Challenge, <SC as StarkGenericConfig>::Challenger>>::Domain as PolynomialSpace>::Val>`
   --> extensions/rv32im/circuit/src/jalr/core.rs:279:12
    |
279 | impl<F, A> TraceFiller<F> for Rv32JalrFiller<A>
    |            ^^^^^^^^^^^^^^     ^^^^^^^^^^^^^^^^^
...
282 |     A: 'static + AdapterTraceFiller<F>,
    |                  --------------------- unsatisfied trait bound introduced here
    = note: required for `VmChipWrapper<<... as PolynomialSpace>::Val, ...>` to implement `Chip<RA, CpuBackend<SC>>`
note: required by a bound in `openvm_circuit::arch::ChipInventory::<SC, RA, PB>::add_executor_chip`
   --> /Users/arayi/Desktop/Everything/openvm/crates/vm/src/arch/extensions.rs:482:33
    |
482 |     pub fn add_executor_chip<C: Chip<RA, PB> + 'static>(&mut self, chip: C) {
    |                                 ^^^^^^^^^^^^ required by this bound in `ChipInventory::<SC, RA, PB>::add_executor_chip`
    = note: the full name for the type has been written to '/Users/arayi/Desktop/Everything/openvm/target/debug/deps/openvm_rv32im_circuit-752b8014523421b7.long-type-733474212622833626.txt'
    = note: consider using `--verbose` to print the full type name to the console

error[E0599]: no method named `clone` found for struct `SharedMemoryHelper` in the current scope
   --> extensions/rv32im/circuit/src/extension.rs:400:24
    |
400 |             mem_helper.clone(),
    |                        ^^^^^ method not found in `SharedMemoryHelper<_>`

error[E0277]: the trait bound `RA: RowMajorMatrixArena<<<<SC as StarkGenericConfig>::Pcs as Pcs<<SC as StarkGenericConfig>::Challenge, <SC as StarkGenericConfig>::Challenger>>::Domain as PolynomialSpace>::Val>` is not satisfied
   --> extensions/rv32im/circuit/src/extension.rs:402:37
    |
402 |         inventory.add_executor_chip(auipc);
    |                   ----------------- ^^^^^ unsatisfied trait bound
    |                   |
    |                   required by a bound introduced by this call
    |
    = help: the trait `RowMajorMatrixArena<<<<SC as StarkGenericConfig>::Pcs as Pcs<<SC as StarkGenericConfig>::Challenge, <SC as StarkGenericConfig>::Challenger>>::Domain as PolynomialSpace>::Val>` is not implemented for `RA`
    = note: required for `VmChipWrapper<<... as PolynomialSpace>::Val, ...>` to implement `Chip<RA, CpuBackend<SC>>`
note: required by a bound in `openvm_circuit::arch::ChipInventory::<SC, RA, PB>::add_executor_chip`
   --> /Users/arayi/Desktop/Everything/openvm/crates/vm/src/arch/extensions.rs:482:33
    |
482 |     pub fn add_executor_chip<C: Chip<RA, PB> + 'static>(&mut self, chip: C) {
    |                                 ^^^^^^^^^^^^ required by this bound in `ChipInventory::<SC, RA, PB>::add_executor_chip`
    = note: the full name for the type has been written to '/Users/arayi/Desktop/Everything/openvm/target/debug/deps/openvm_rv32im_circuit-752b8014523421b7.long-type-6852144974915419083.txt'
    = note: consider using `--verbose` to print the full type name to the console
help: consider further restricting type parameter `RA` with trait `RowMajorMatrixArena`
    |
276 |     SC: StarkGenericConfig, RA: openvm_circuit::arch::RowMajorMatrixArena<<<<SC as openvm_stark_backend::config::StarkGenericConfig>::Pcs as openvm_stark_backend::p3_commit::Pcs<<SC as openvm_stark_backend::config::StarkGenericConfig>::Challenge, <SC as openvm_stark_backend::config::StarkGenericConfig>::Challenger>>::Domain as openvm_stark_backend::p3_commit::PolynomialSpace>::Val>
    |                           ~~~~~~~~~~~~~~~~~~~~~~~~~~~~~~~~~~~~~~~~~~~~~~~~~~~~~~~~~~~~~~~~~~~~~~~~~~~~~~~~~~~~~~~~~~~~~~~~~~~~~~~~~~~~~~~~~~~~~~~~~~~~~~~~~~~~~~~~~~~~~~~~~~~~~~~~~~~~~~~~~~~~~~~~~~~~~~~~~~~~~~~~~~~~~~~~~~~~~~~~~~~~~~~~~~~~~~~~~~~~~~~~~~~~~~~~~~~~~~~~~~~~~~~~~~~~~~~~~~~~~~~~~~~~~~~~~~~~~~~~~~~~~~~~~~~~~~~~~~~~~~~~~~~~~~~~~~~~~~~~~~~~~~~~~~~~~~~~~~~~~~~~~~~~~~~~~~~~~~

error[E0277]: the trait bound `<<<SC as StarkGenericConfig>::Pcs as Pcs<<SC as StarkGenericConfig>::Challenge, <SC as StarkGenericConfig>::Challenger>>::Domain as PolynomialSpace>::Val: PrimeField32` is not satisfied
   --> extensions/rv32im/circuit/src/extension.rs:402:37
    |
402 |         inventory.add_executor_chip(auipc);
    |                   ----------------- ^^^^^ the trait `PrimeField32` is not implemented for `<<... as Pcs<..., ...>>::Domain as PolynomialSpace>::Val`
    |                   |
    |                   required by a bound introduced by this call
    |
note: required for `auipc::core::Rv32AuipcFiller<_>` to implement `TraceFiller<<<<SC as StarkGenericConfig>::Pcs as Pcs<<SC as StarkGenericConfig>::Challenge, <SC as StarkGenericConfig>::Challenger>>::Domain as PolynomialSpace>::Val>`
   --> extensions/rv32im/circuit/src/auipc/core.rs:255:12
    |
255 | impl<F, A> TraceFiller<F> for Rv32AuipcFiller<A>
    |            ^^^^^^^^^^^^^^     ^^^^^^^^^^^^^^^^^^
256 | where
257 |     F: PrimeField32,
    |        ------------ unsatisfied trait bound introduced here
    = note: required for `VmChipWrapper<<... as PolynomialSpace>::Val, ...>` to implement `Chip<RA, CpuBackend<SC>>`
note: required by a bound in `openvm_circuit::arch::ChipInventory::<SC, RA, PB>::add_executor_chip`
   --> /Users/arayi/Desktop/Everything/openvm/crates/vm/src/arch/extensions.rs:482:33
    |
482 |     pub fn add_executor_chip<C: Chip<RA, PB> + 'static>(&mut self, chip: C) {
    |                                 ^^^^^^^^^^^^ required by this bound in `ChipInventory::<SC, RA, PB>::add_executor_chip`
    = note: the full name for the type has been written to '/Users/arayi/Desktop/Everything/openvm/target/debug/deps/openvm_rv32im_circuit-752b8014523421b7.long-type-6852144974915419083.txt'
    = note: consider using `--verbose` to print the full type name to the console
help: consider further restricting the associated type
    |
281 |     ) -> Result<(), ChipInventoryError> where <<<SC as StarkGenericConfig>::Pcs as Pcs<<SC as StarkGenericConfig>::Challenge, <SC as StarkGenericConfig>::Challenger>>::Domain as PolynomialSpace>::Val: PrimeField32 {
    |                                         +++++++++++++++++++++++++++++++++++++++++++++++++++++++++++++++++++++++++++++++++++++++++++++++++++++++++++++++++++++++++++++++++++++++++++++++++++++++++++++++++++++++++++++

error[E0308]: mismatched types
   --> extensions/rv32im/circuit/src/extension.rs:404:9
    |
281 |     ) -> Result<(), ChipInventoryError> {
    |          ------------------------------ expected `Result<(), ChipInventoryError>` because of return type
...
404 |         Ok(inventory)
    |         ^^^^^^^^^^^^^ expected `Result<(), ChipInventoryError>`, found `Result<&mut ..., ...>`
    |
    = note: expected enum `Result<(), ChipInventoryError>`
               found enum `Result<&mut openvm_circuit::arch::ChipInventory<SC, RA, CpuBackend<SC>>, ErrReport>`

error[E0599]: no method named `first` found for opaque type `impl Iterator<Item = &BitwiseOperationLookupAir<8>>` in the current scope
   --> extensions/rv32im/circuit/src/extension.rs:436:86
    |
436 |             if let Some(&air) = inventory.find_air::<BitwiseOperationLookupAir<8>>().first() {
    |                                                                                      ^^^^^ method not found in `impl Iterator<Item = &BitwiseOperationLookupAir<8>>`

error[E0308]: mismatched types
   --> extensions/rv32im/circuit/src/extension.rs:456:57
    |
456 |             let chip = SharedRangeTupleCheckerChip::new(range_tuple_bus);
    |                        -------------------------------- ^^^^^^^^^^^^^^^ expected `RangeTupleCheckerChip<_>`, found `RangeTupleCheckerBus<2>`
    |                        |
    |                        arguments to this function are incorrect
    |
    = note: expected struct `RangeTupleCheckerChip<_>`
               found struct `RangeTupleCheckerBus<2>`
note: associated function defined here
   --> /Users/arayi/.rustup/toolchains/1.85.1-aarch64-apple-darwin/lib/rustlib/src/rust/library/alloc/src/sync.rs:385:12
    |
385 |     pub fn new(data: T) -> Arc<T> {
    |            ^^^

error[E0599]: no method named `add_periphery_chip` found for mutable reference `&mut openvm_circuit::arch::AirInventory<SC>` in the current scope
   --> extensions/rv32im/circuit/src/extension.rs:457:23
    |
457 |             inventory.add_periphery_chip(chip.clone());
    |                       ^^^^^^^^^^^^^^^^^^ method not found in `&mut AirInventory<SC>`

error[E0308]: mismatched types
    --> extensions/rv32im/circuit/src/extension.rs:479:12
     |
479  |         Ok(inventory)
     |         -- ^^^^^^^^^ expected `()`, found `&mut AirInventory<SC>`
     |         |
     |         arguments to this function are incorrect
     |
     = note:      expected unit type `()`
             found mutable reference `&mut openvm_circuit::arch::AirInventory<SC>`
help: the return type of this call is `&mut openvm_circuit::arch::AirInventory<SC>` due to the type of the argument passed
    --> extensions/rv32im/circuit/src/extension.rs:479:9
     |
479  |         Ok(inventory)
     |         ^^^---------^
     |            |
     |            this argument influences the return type of `Ok`
note: function defined here
    --> /Users/arayi/.cargo/registry/src/index.crates.io-1949cf8c6b5b557f/eyre-0.6.12/src/lib.rs:1275:8
     |
1275 | pub fn Ok<T>(t: T) -> Result<T> {
     |        ^^

error[E0308]: mismatched types
   --> extensions/rv32im/circuit/src/extension.rs:520:57
    |
520 |             let chip = SharedRangeTupleCheckerChip::new(range_tuple_bus);
    |                        -------------------------------- ^^^^^^^^^^^^^^^ expected `RangeTupleCheckerChip<_>`, found `RangeTupleCheckerBus<2>`
    |                        |
    |                        arguments to this function are incorrect
    |
    = note: expected struct `RangeTupleCheckerChip<_>`
               found struct `RangeTupleCheckerBus<2>`
note: associated function defined here
   --> /Users/arayi/.rustup/toolchains/1.85.1-aarch64-apple-darwin/lib/rustlib/src/rust/library/alloc/src/sync.rs:385:12
    |
385 |     pub fn new(data: T) -> Arc<T> {
    |            ^^^

error[E0277]: the trait bound `<<<SC as StarkGenericConfig>::Pcs as Pcs<<SC as StarkGenericConfig>::Challenge, <SC as StarkGenericConfig>::Challenger>>::Domain as PolynomialSpace>::Val: PrimeField32` is not satisfied
   --> extensions/rv32im/circuit/src/extension.rs:521:42
    |
521 |             inventory.add_periphery_chip(chip.clone());
    |                       ------------------ ^^^^^^^^^^^^ the trait `PrimeField32` is not implemented for `<<... as Pcs<..., ...>>::Domain as PolynomialSpace>::Val`
    |                       |
    |                       required by a bound introduced by this call
    |
    = note: required for `RangeTupleCheckerChip<_>` to implement `Chip<RA, CpuBackend<SC>>`
    = note: 1 redundant requirement hidden
    = note: required for `Arc<RangeTupleCheckerChip<_>>` to implement `Chip<RA, CpuBackend<SC>>`
note: required by a bound in `openvm_circuit::arch::ChipInventory::<SC, RA, PB>::add_periphery_chip`
   --> /Users/arayi/Desktop/Everything/openvm/crates/vm/src/arch/extensions.rs:475:34
    |
475 |     pub fn add_periphery_chip<C: Chip<RA, PB> + 'static>(&mut self, chip: C) {
    |                                  ^^^^^^^^^^^^ required by this bound in `ChipInventory::<SC, RA, PB>::add_periphery_chip`
help: consider further restricting the associated type
    |
492 |     ) -> Result<(), ChipInventoryError> where <<<SC as StarkGenericConfig>::Pcs as Pcs<<SC as StarkGenericConfig>::Challenge, <SC as StarkGenericConfig>::Challenger>>::Domain as PolynomialSpace>::Val: PrimeField32 {
    |                                         +++++++++++++++++++++++++++++++++++++++++++++++++++++++++++++++++++++++++++++++++++++++++++++++++++++++++++++++++++++++++++++++++++++++++++++++++++++++++++++++++++++++++++++

error[E0599]: no method named `clone` found for struct `SharedMemoryHelper` in the current scope
   --> extensions/rv32im/circuit/src/extension.rs:534:24
    |
534 |             mem_helper.clone(),
    |                        ^^^^^ method not found in `SharedMemoryHelper<_>`

error[E0277]: the trait bound `RA: RowMajorMatrixArena<<<<SC as StarkGenericConfig>::Pcs as Pcs<<SC as StarkGenericConfig>::Challenge, <SC as StarkGenericConfig>::Challenger>>::Domain as PolynomialSpace>::Val>` is not satisfied
   --> extensions/rv32im/circuit/src/extension.rs:536:37
    |
536 |         inventory.add_executor_chip(mult);
    |                   ----------------- ^^^^ unsatisfied trait bound
    |                   |
    |                   required by a bound introduced by this call
    |
    = help: the trait `RowMajorMatrixArena<<<<SC as StarkGenericConfig>::Pcs as Pcs<<SC as StarkGenericConfig>::Challenge, <SC as StarkGenericConfig>::Challenger>>::Domain as PolynomialSpace>::Val>` is not implemented for `RA`
    = note: required for `VmChipWrapper<<... as PolynomialSpace>::Val, ...>` to implement `Chip<RA, CpuBackend<SC>>`
note: required by a bound in `openvm_circuit::arch::ChipInventory::<SC, RA, PB>::add_executor_chip`
   --> /Users/arayi/Desktop/Everything/openvm/crates/vm/src/arch/extensions.rs:482:33
    |
482 |     pub fn add_executor_chip<C: Chip<RA, PB> + 'static>(&mut self, chip: C) {
    |                                 ^^^^^^^^^^^^ required by this bound in `ChipInventory::<SC, RA, PB>::add_executor_chip`
    = note: the full name for the type has been written to '/Users/arayi/Desktop/Everything/openvm/target/debug/deps/openvm_rv32im_circuit-752b8014523421b7.long-type-7069311376318725071.txt'
    = note: consider using `--verbose` to print the full type name to the console
help: consider further restricting type parameter `RA` with trait `RowMajorMatrixArena`
    |
487 |     SC: StarkGenericConfig, RA: openvm_circuit::arch::RowMajorMatrixArena<<<<SC as openvm_stark_backend::config::StarkGenericConfig>::Pcs as openvm_stark_backend::p3_commit::Pcs<<SC as openvm_stark_backend::config::StarkGenericConfig>::Challenge, <SC as openvm_stark_backend::config::StarkGenericConfig>::Challenger>>::Domain as openvm_stark_backend::p3_commit::PolynomialSpace>::Val>
    |                           ~~~~~~~~~~~~~~~~~~~~~~~~~~~~~~~~~~~~~~~~~~~~~~~~~~~~~~~~~~~~~~~~~~~~~~~~~~~~~~~~~~~~~~~~~~~~~~~~~~~~~~~~~~~~~~~~~~~~~~~~~~~~~~~~~~~~~~~~~~~~~~~~~~~~~~~~~~~~~~~~~~~~~~~~~~~~~~~~~~~~~~~~~~~~~~~~~~~~~~~~~~~~~~~~~~~~~~~~~~~~~~~~~~~~~~~~~~~~~~~~~~~~~~~~~~~~~~~~~~~~~~~~~~~~~~~~~~~~~~~~~~~~~~~~~~~~~~~~~~~~~~~~~~~~~~~~~~~~~~~~~~~~~~~~~~~~~~~~~~~~~~~~~~~~~~~~~~~~~~

error[E0277]: the trait bound `<<<SC as StarkGenericConfig>::Pcs as Pcs<<SC as StarkGenericConfig>::Challenge, <SC as StarkGenericConfig>::Challenger>>::Domain as PolynomialSpace>::Val: PrimeField32` is not satisfied
   --> extensions/rv32im/circuit/src/extension.rs:536:37
    |
536 |         inventory.add_executor_chip(mult);
    |                   ----------------- ^^^^ the trait `PrimeField32` is not implemented for `<<... as Pcs<..., ...>>::Domain as PolynomialSpace>::Val`
    |                   |
    |                   required by a bound introduced by this call
    |
note: required for `mul::core::MultiplicationFiller<adapters::mul::Rv32MultAdapterFiller, _, _>` to implement `TraceFiller<<<<SC as StarkGenericConfig>::Pcs as Pcs<<SC as StarkGenericConfig>::Challenge, <SC as StarkGenericConfig>::Challenger>>::Domain as PolynomialSpace>::Val>`
   --> extensions/rv32im/circuit/src/mul/core.rs:228:60
    |
228 | impl<F, A, const NUM_LIMBS: usize, const LIMB_BITS: usize> TraceFiller<F>
    |                                                            ^^^^^^^^^^^^^^
229 |     for MultiplicationFiller<A, NUM_LIMBS, LIMB_BITS>
    |         ^^^^^^^^^^^^^^^^^^^^^^^^^^^^^^^^^^^^^^^^^^^^^
230 | where
231 |     F: PrimeField32,
    |        ------------ unsatisfied trait bound introduced here
    = note: required for `VmChipWrapper<<... as PolynomialSpace>::Val, ...>` to implement `Chip<RA, CpuBackend<SC>>`
note: required by a bound in `openvm_circuit::arch::ChipInventory::<SC, RA, PB>::add_executor_chip`
   --> /Users/arayi/Desktop/Everything/openvm/crates/vm/src/arch/extensions.rs:482:33
    |
482 |     pub fn add_executor_chip<C: Chip<RA, PB> + 'static>(&mut self, chip: C) {
    |                                 ^^^^^^^^^^^^ required by this bound in `ChipInventory::<SC, RA, PB>::add_executor_chip`
    = note: the full name for the type has been written to '/Users/arayi/Desktop/Everything/openvm/target/debug/deps/openvm_rv32im_circuit-752b8014523421b7.long-type-7069311376318725071.txt'
    = note: consider using `--verbose` to print the full type name to the console
help: consider further restricting the associated type
    |
492 |     ) -> Result<(), ChipInventoryError> where <<<SC as StarkGenericConfig>::Pcs as Pcs<<SC as StarkGenericConfig>::Challenge, <SC as StarkGenericConfig>::Challenger>>::Domain as PolynomialSpace>::Val: PrimeField32 {
    |                                         +++++++++++++++++++++++++++++++++++++++++++++++++++++++++++++++++++++++++++++++++++++++++++++++++++++++++++++++++++++++++++++++++++++++++++++++++++++++++++++++++++++++++++++

error[E0599]: no method named `clone` found for struct `SharedMemoryHelper` in the current scope
   --> extensions/rv32im/circuit/src/extension.rs:545:24
    |
545 |             mem_helper.clone(),
    |                        ^^^^^ method not found in `SharedMemoryHelper<_>`

error[E0277]: the trait bound `RA: RowMajorMatrixArena<<<<SC as StarkGenericConfig>::Pcs as Pcs<<SC as StarkGenericConfig>::Challenge, <SC as StarkGenericConfig>::Challenger>>::Domain as PolynomialSpace>::Val>` is not satisfied
   --> extensions/rv32im/circuit/src/extension.rs:547:37
    |
547 |         inventory.add_executor_chip(mul_h);
    |                   ----------------- ^^^^^ unsatisfied trait bound
    |                   |
    |                   required by a bound introduced by this call
    |
    = help: the trait `RowMajorMatrixArena<<<<SC as StarkGenericConfig>::Pcs as Pcs<<SC as StarkGenericConfig>::Challenge, <SC as StarkGenericConfig>::Challenger>>::Domain as PolynomialSpace>::Val>` is not implemented for `RA`
    = note: required for `VmChipWrapper<<... as PolynomialSpace>::Val, ...>` to implement `Chip<RA, CpuBackend<SC>>`
note: required by a bound in `openvm_circuit::arch::ChipInventory::<SC, RA, PB>::add_executor_chip`
   --> /Users/arayi/Desktop/Everything/openvm/crates/vm/src/arch/extensions.rs:482:33
    |
482 |     pub fn add_executor_chip<C: Chip<RA, PB> + 'static>(&mut self, chip: C) {
    |                                 ^^^^^^^^^^^^ required by this bound in `ChipInventory::<SC, RA, PB>::add_executor_chip`
    = note: the full name for the type has been written to '/Users/arayi/Desktop/Everything/openvm/target/debug/deps/openvm_rv32im_circuit-752b8014523421b7.long-type-8361590455157463120.txt'
    = note: consider using `--verbose` to print the full type name to the console
help: consider further restricting type parameter `RA` with trait `RowMajorMatrixArena`
    |
487 |     SC: StarkGenericConfig, RA: openvm_circuit::arch::RowMajorMatrixArena<<<<SC as openvm_stark_backend::config::StarkGenericConfig>::Pcs as openvm_stark_backend::p3_commit::Pcs<<SC as openvm_stark_backend::config::StarkGenericConfig>::Challenge, <SC as openvm_stark_backend::config::StarkGenericConfig>::Challenger>>::Domain as openvm_stark_backend::p3_commit::PolynomialSpace>::Val>
    |                           ~~~~~~~~~~~~~~~~~~~~~~~~~~~~~~~~~~~~~~~~~~~~~~~~~~~~~~~~~~~~~~~~~~~~~~~~~~~~~~~~~~~~~~~~~~~~~~~~~~~~~~~~~~~~~~~~~~~~~~~~~~~~~~~~~~~~~~~~~~~~~~~~~~~~~~~~~~~~~~~~~~~~~~~~~~~~~~~~~~~~~~~~~~~~~~~~~~~~~~~~~~~~~~~~~~~~~~~~~~~~~~~~~~~~~~~~~~~~~~~~~~~~~~~~~~~~~~~~~~~~~~~~~~~~~~~~~~~~~~~~~~~~~~~~~~~~~~~~~~~~~~~~~~~~~~~~~~~~~~~~~~~~~~~~~~~~~~~~~~~~~~~~~~~~~~~~~~~~~~

error[E0277]: the trait bound `<<<SC as StarkGenericConfig>::Pcs as Pcs<<SC as StarkGenericConfig>::Challenge, <SC as StarkGenericConfig>::Challenger>>::Domain as PolynomialSpace>::Val: PrimeField32` is not satisfied
   --> extensions/rv32im/circuit/src/extension.rs:547:37
    |
547 |         inventory.add_executor_chip(mul_h);
    |                   ----------------- ^^^^^ the trait `PrimeField32` is not implemented for `<<... as Pcs<..., ...>>::Domain as PolynomialSpace>::Val`
    |                   |
    |                   required by a bound introduced by this call
    |
note: required for `mulh::core::MulHFiller<adapters::mul::Rv32MultAdapterFiller, _, _>` to implement `TraceFiller<<<<SC as StarkGenericConfig>::Pcs as Pcs<<SC as StarkGenericConfig>::Challenge, <SC as StarkGenericConfig>::Challenger>>::Domain as PolynomialSpace>::Val>`
   --> extensions/rv32im/circuit/src/mulh/core.rs:305:60
    |
305 | impl<F, A, const NUM_LIMBS: usize, const LIMB_BITS: usize> TraceFiller<F>
    |                                                            ^^^^^^^^^^^^^^
306 |     for MulHFiller<A, NUM_LIMBS, LIMB_BITS>
    |         ^^^^^^^^^^^^^^^^^^^^^^^^^^^^^^^^^^^
307 | where
308 |     F: PrimeField32,
    |        ------------ unsatisfied trait bound introduced here
    = note: required for `VmChipWrapper<<... as PolynomialSpace>::Val, ...>` to implement `Chip<RA, CpuBackend<SC>>`
note: required by a bound in `openvm_circuit::arch::ChipInventory::<SC, RA, PB>::add_executor_chip`
   --> /Users/arayi/Desktop/Everything/openvm/crates/vm/src/arch/extensions.rs:482:33
    |
482 |     pub fn add_executor_chip<C: Chip<RA, PB> + 'static>(&mut self, chip: C) {
    |                                 ^^^^^^^^^^^^ required by this bound in `ChipInventory::<SC, RA, PB>::add_executor_chip`
    = note: the full name for the type has been written to '/Users/arayi/Desktop/Everything/openvm/target/debug/deps/openvm_rv32im_circuit-752b8014523421b7.long-type-8361590455157463120.txt'
    = note: consider using `--verbose` to print the full type name to the console
help: consider further restricting the associated type
    |
492 |     ) -> Result<(), ChipInventoryError> where <<<SC as StarkGenericConfig>::Pcs as Pcs<<SC as StarkGenericConfig>::Challenge, <SC as StarkGenericConfig>::Challenger>>::Domain as PolynomialSpace>::Val: PrimeField32 {
    |                                         +++++++++++++++++++++++++++++++++++++++++++++++++++++++++++++++++++++++++++++++++++++++++++++++++++++++++++++++++++++++++++++++++++++++++++++++++++++++++++++++++++++++++++++

error[E0599]: no method named `clone` found for struct `SharedMemoryHelper` in the current scope
   --> extensions/rv32im/circuit/src/extension.rs:557:24
    |
557 |             mem_helper.clone(),
    |                        ^^^^^ method not found in `SharedMemoryHelper<_>`

error[E0277]: the trait bound `RA: RowMajorMatrixArena<<<<SC as StarkGenericConfig>::Pcs as Pcs<<SC as StarkGenericConfig>::Challenge, <SC as StarkGenericConfig>::Challenger>>::Domain as PolynomialSpace>::Val>` is not satisfied
   --> extensions/rv32im/circuit/src/extension.rs:559:37
    |
559 |         inventory.add_executor_chip(div_rem);
    |                   ----------------- ^^^^^^^ unsatisfied trait bound
    |                   |
    |                   required by a bound introduced by this call
    |
    = help: the trait `RowMajorMatrixArena<<<<SC as StarkGenericConfig>::Pcs as Pcs<<SC as StarkGenericConfig>::Challenge, <SC as StarkGenericConfig>::Challenger>>::Domain as PolynomialSpace>::Val>` is not implemented for `RA`
    = note: required for `VmChipWrapper<<... as PolynomialSpace>::Val, ...>` to implement `Chip<RA, CpuBackend<SC>>`
note: required by a bound in `openvm_circuit::arch::ChipInventory::<SC, RA, PB>::add_executor_chip`
   --> /Users/arayi/Desktop/Everything/openvm/crates/vm/src/arch/extensions.rs:482:33
    |
482 |     pub fn add_executor_chip<C: Chip<RA, PB> + 'static>(&mut self, chip: C) {
    |                                 ^^^^^^^^^^^^ required by this bound in `ChipInventory::<SC, RA, PB>::add_executor_chip`
    = note: the full name for the type has been written to '/Users/arayi/Desktop/Everything/openvm/target/debug/deps/openvm_rv32im_circuit-752b8014523421b7.long-type-4865188929602487094.txt'
    = note: consider using `--verbose` to print the full type name to the console
help: consider further restricting type parameter `RA` with trait `RowMajorMatrixArena`
    |
487 |     SC: StarkGenericConfig, RA: openvm_circuit::arch::RowMajorMatrixArena<<<<SC as openvm_stark_backend::config::StarkGenericConfig>::Pcs as openvm_stark_backend::p3_commit::Pcs<<SC as openvm_stark_backend::config::StarkGenericConfig>::Challenge, <SC as openvm_stark_backend::config::StarkGenericConfig>::Challenger>>::Domain as openvm_stark_backend::p3_commit::PolynomialSpace>::Val>
    |                           ~~~~~~~~~~~~~~~~~~~~~~~~~~~~~~~~~~~~~~~~~~~~~~~~~~~~~~~~~~~~~~~~~~~~~~~~~~~~~~~~~~~~~~~~~~~~~~~~~~~~~~~~~~~~~~~~~~~~~~~~~~~~~~~~~~~~~~~~~~~~~~~~~~~~~~~~~~~~~~~~~~~~~~~~~~~~~~~~~~~~~~~~~~~~~~~~~~~~~~~~~~~~~~~~~~~~~~~~~~~~~~~~~~~~~~~~~~~~~~~~~~~~~~~~~~~~~~~~~~~~~~~~~~~~~~~~~~~~~~~~~~~~~~~~~~~~~~~~~~~~~~~~~~~~~~~~~~~~~~~~~~~~~~~~~~~~~~~~~~~~~~~~~~~~~~~~~~~~~~

error[E0277]: the trait bound `<<<SC as StarkGenericConfig>::Pcs as Pcs<<SC as StarkGenericConfig>::Challenge, <SC as StarkGenericConfig>::Challenger>>::Domain as PolynomialSpace>::Val: PrimeField32` is not satisfied
   --> extensions/rv32im/circuit/src/extension.rs:559:37
    |
559 |         inventory.add_executor_chip(div_rem);
    |                   ----------------- ^^^^^^^ the trait `PrimeField32` is not implemented for `<<... as Pcs<..., ...>>::Domain as PolynomialSpace>::Val`
    |                   |
    |                   required by a bound introduced by this call
    |
note: required for `divrem::core::DivRemFiller<adapters::mul::Rv32MultAdapterFiller, _, _>` to implement `TraceFiller<<<<SC as StarkGenericConfig>::Pcs as Pcs<<SC as StarkGenericConfig>::Challenge, <SC as StarkGenericConfig>::Challenger>>::Domain as PolynomialSpace>::Val>`
   --> extensions/rv32im/circuit/src/divrem/core.rs:474:60
    |
474 | impl<F, A, const NUM_LIMBS: usize, const LIMB_BITS: usize> TraceFiller<F>
    |                                                            ^^^^^^^^^^^^^^
475 |     for DivRemFiller<A, NUM_LIMBS, LIMB_BITS>
    |         ^^^^^^^^^^^^^^^^^^^^^^^^^^^^^^^^^^^^^
476 | where
477 |     F: PrimeField32,
    |        ------------ unsatisfied trait bound introduced here
    = note: required for `VmChipWrapper<<... as PolynomialSpace>::Val, ...>` to implement `Chip<RA, CpuBackend<SC>>`
note: required by a bound in `openvm_circuit::arch::ChipInventory::<SC, RA, PB>::add_executor_chip`
   --> /Users/arayi/Desktop/Everything/openvm/crates/vm/src/arch/extensions.rs:482:33
    |
482 |     pub fn add_executor_chip<C: Chip<RA, PB> + 'static>(&mut self, chip: C) {
    |                                 ^^^^^^^^^^^^ required by this bound in `ChipInventory::<SC, RA, PB>::add_executor_chip`
    = note: the full name for the type has been written to '/Users/arayi/Desktop/Everything/openvm/target/debug/deps/openvm_rv32im_circuit-752b8014523421b7.long-type-4865188929602487094.txt'
    = note: consider using `--verbose` to print the full type name to the console
help: consider further restricting the associated type
    |
492 |     ) -> Result<(), ChipInventoryError> where <<<SC as StarkGenericConfig>::Pcs as Pcs<<SC as StarkGenericConfig>::Challenge, <SC as StarkGenericConfig>::Challenger>>::Domain as PolynomialSpace>::Val: PrimeField32 {
    |                                         +++++++++++++++++++++++++++++++++++++++++++++++++++++++++++++++++++++++++++++++++++++++++++++++++++++++++++++++++++++++++++++++++++++++++++++++++++++++++++++++++++++++++++++

error[E0308]: mismatched types
   --> extensions/rv32im/circuit/src/extension.rs:561:9
    |
492 |     ) -> Result<(), ChipInventoryError> {
    |          ------------------------------ expected `Result<(), ChipInventoryError>` because of return type
...
561 |         Ok(inventory)
    |         ^^^^^^^^^^^^^ expected `Result<(), ChipInventoryError>`, found `Result<&mut ..., ...>`
    |
    = note: expected enum `Result<(), ChipInventoryError>`
               found enum `Result<&mut openvm_circuit::arch::ChipInventory<SC, RA, CpuBackend<SC>>, ErrReport>`

error[E0433]: failed to resolve: use of undeclared type `HintStoreOpcode`
   --> extensions/rv32im/circuit/src/extension.rs:573:62
    |
573 |             Rv32HintStoreStep::new(Rv32HintStoreAdapterStep, HintStoreOpcode::CLASS_OFFSET);
    |                                                              ^^^^^^^^^^^^^^^
    |                                                              |
    |                                                              use of undeclared type `HintStoreOpcode`
    |                                                              help: an enum with a similar name exists: `Rv32HintStoreOpcode`

error[E0433]: failed to resolve: use of undeclared type `HintStoreOpcode`
   --> extensions/rv32im/circuit/src/extension.rs:576:13
    |
576 |             HintStoreOpcode::iter().map(|x| x.global_opcode()),
    |             ^^^^^^^^^^^^^^^
    |             |
    |             use of undeclared type `HintStoreOpcode`
    |             help: an enum with a similar name exists: `Rv32HintStoreOpcode`

error[E0609]: no field `config` on type `&SystemAirInventory<SC>`
   --> extensions/rv32im/circuit/src/extension.rs:590:51
    |
590 |         let pointer_max_bits = inventory.system().config.memory_config.pointer_max_bits;
    |                                                   ^^^^^^ unknown field
    |
    = note: available fields are: `program`, `connector`, `memory`, `public_values`

error[E0599]: no method named `first` found for opaque type `impl Iterator<Item = &BitwiseOperationLookupAir<8>>` in the current scope
   --> extensions/rv32im/circuit/src/extension.rs:593:86
    |
593 |             if let Some(&air) = inventory.find_air::<BitwiseOperationLookupAir<8>>().first() {
    |                                                                                      ^^^^^ method not found in `impl Iterator<Item = &BitwiseOperationLookupAir<8>>`

error[E0599]: no method named `bus` found for struct `BitwiseOperationLookupAir` in the current scope
   --> extensions/rv32im/circuit/src/extension.rs:605:24
    |
605 |             bitwise_lu.bus(),
    |                        ^^^-- help: remove the arguments
    |                        |
    |                        field, not a method

error[E0308]: mismatched types
    --> extensions/rv32im/circuit/src/extension.rs:611:12
     |
611  |         Ok(inventory)
     |         -- ^^^^^^^^^ expected `()`, found `&mut AirInventory<SC>`
     |         |
     |         arguments to this function are incorrect
     |
     = note:      expected unit type `()`
             found mutable reference `&mut openvm_circuit::arch::AirInventory<SC>`
help: the return type of this call is `&mut openvm_circuit::arch::AirInventory<SC>` due to the type of the argument passed
    --> extensions/rv32im/circuit/src/extension.rs:611:9
     |
611  |         Ok(inventory)
     |         ^^^---------^
     |            |
     |            this argument influences the return type of `Ok`
note: function defined here
    --> /Users/arayi/.cargo/registry/src/index.crates.io-1949cf8c6b5b557f/eyre-0.6.12/src/lib.rs:1275:8
     |
1275 | pub fn Ok<T>(t: T) -> Result<T> {
     |        ^^

error[E0599]: no method named `clone` found for struct `SharedMemoryHelper` in the current scope
   --> extensions/rv32im/circuit/src/extension.rs:648:24
    |
648 |             mem_helper.clone(),
    |                        ^^^^^ method not found in `SharedMemoryHelper<_>`

error[E0277]: the trait bound `RA: RowMajorMatrixArena<<<<SC as StarkGenericConfig>::Pcs as Pcs<<SC as StarkGenericConfig>::Challenge, <SC as StarkGenericConfig>::Challenger>>::Domain as PolynomialSpace>::Val>` is not satisfied
   --> extensions/rv32im/circuit/src/extension.rs:650:37
    |
650 |         inventory.add_executor_chip(hint_store);
    |                   ----------------- ^^^^^^^^^^ unsatisfied trait bound
    |                   |
    |                   required by a bound introduced by this call
    |
    = help: the trait `RowMajorMatrixArena<<<<SC as StarkGenericConfig>::Pcs as Pcs<<SC as StarkGenericConfig>::Challenge, <SC as StarkGenericConfig>::Challenger>>::Domain as PolynomialSpace>::Val>` is not implemented for `RA`
    = note: required for `VmChipWrapper<<... as PolynomialSpace>::Val, ...>` to implement `Chip<RA, CpuBackend<SC>>`
note: required by a bound in `openvm_circuit::arch::ChipInventory::<SC, RA, PB>::add_executor_chip`
   --> /Users/arayi/Desktop/Everything/openvm/crates/vm/src/arch/extensions.rs:482:33
    |
482 |     pub fn add_executor_chip<C: Chip<RA, PB> + 'static>(&mut self, chip: C) {
    |                                 ^^^^^^^^^^^^ required by this bound in `ChipInventory::<SC, RA, PB>::add_executor_chip`
    = note: the full name for the type has been written to '/Users/arayi/Desktop/Everything/openvm/target/debug/deps/openvm_rv32im_circuit-752b8014523421b7.long-type-879170975643107817.txt'
    = note: consider using `--verbose` to print the full type name to the console
help: consider further restricting type parameter `RA` with trait `RowMajorMatrixArena`
    |
619 |     SC: StarkGenericConfig, RA: openvm_circuit::arch::RowMajorMatrixArena<<<<SC as openvm_stark_backend::config::StarkGenericConfig>::Pcs as openvm_stark_backend::p3_commit::Pcs<<SC as openvm_stark_backend::config::StarkGenericConfig>::Challenge, <SC as openvm_stark_backend::config::StarkGenericConfig>::Challenger>>::Domain as openvm_stark_backend::p3_commit::PolynomialSpace>::Val>
    |                           ~~~~~~~~~~~~~~~~~~~~~~~~~~~~~~~~~~~~~~~~~~~~~~~~~~~~~~~~~~~~~~~~~~~~~~~~~~~~~~~~~~~~~~~~~~~~~~~~~~~~~~~~~~~~~~~~~~~~~~~~~~~~~~~~~~~~~~~~~~~~~~~~~~~~~~~~~~~~~~~~~~~~~~~~~~~~~~~~~~~~~~~~~~~~~~~~~~~~~~~~~~~~~~~~~~~~~~~~~~~~~~~~~~~~~~~~~~~~~~~~~~~~~~~~~~~~~~~~~~~~~~~~~~~~~~~~~~~~~~~~~~~~~~~~~~~~~~~~~~~~~~~~~~~~~~~~~~~~~~~~~~~~~~~~~~~~~~~~~~~~~~~~~~~~~~~~~~~~~~

error[E0277]: the trait bound `<<<SC as StarkGenericConfig>::Pcs as Pcs<<SC as StarkGenericConfig>::Challenge, <SC as StarkGenericConfig>::Challenger>>::Domain as PolynomialSpace>::Val: PrimeField32` is not satisfied
   --> extensions/rv32im/circuit/src/extension.rs:650:37
    |
650 |         inventory.add_executor_chip(hint_store);
    |                   ----------------- ^^^^^^^^^^ the trait `PrimeField32` is not implemented for `<<... as Pcs<..., ...>>::Domain as PolynomialSpace>::Val`
    |                   |
    |                   required by a bound introduced by this call
    |
note: required for `hintstore::Rv32HintStoreFiller` to implement `TraceFiller<<<<SC as StarkGenericConfig>::Pcs as Pcs<<SC as StarkGenericConfig>::Challenge, <SC as StarkGenericConfig>::Challenger>>::Domain as PolynomialSpace>::Val>`
   --> extensions/rv32im/circuit/src/hintstore/mod.rs:476:23
    |
476 | impl<F: PrimeField32> TraceFiller<F> for Rv32HintStoreFiller {
    |         ------------  ^^^^^^^^^^^^^^     ^^^^^^^^^^^^^^^^^^^
    |         |
    |         unsatisfied trait bound introduced here
    = note: required for `VmChipWrapper<<... as PolynomialSpace>::Val, ...>` to implement `Chip<RA, CpuBackend<SC>>`
note: required by a bound in `openvm_circuit::arch::ChipInventory::<SC, RA, PB>::add_executor_chip`
   --> /Users/arayi/Desktop/Everything/openvm/crates/vm/src/arch/extensions.rs:482:33
    |
482 |     pub fn add_executor_chip<C: Chip<RA, PB> + 'static>(&mut self, chip: C) {
    |                                 ^^^^^^^^^^^^ required by this bound in `ChipInventory::<SC, RA, PB>::add_executor_chip`
    = note: the full name for the type has been written to '/Users/arayi/Desktop/Everything/openvm/target/debug/deps/openvm_rv32im_circuit-752b8014523421b7.long-type-879170975643107817.txt'
    = note: consider using `--verbose` to print the full type name to the console
help: consider further restricting the associated type
    |
624 |     ) -> Result<(), ChipInventoryError> where <<<SC as StarkGenericConfig>::Pcs as Pcs<<SC as StarkGenericConfig>::Challenge, <SC as StarkGenericConfig>::Challenger>>::Domain as PolynomialSpace>::Val: PrimeField32 {
    |                                         +++++++++++++++++++++++++++++++++++++++++++++++++++++++++++++++++++++++++++++++++++++++++++++++++++++++++++++++++++++++++++++++++++++++++++++++++++++++++++++++++++++++++++++

error[E0308]: mismatched types
   --> extensions/rv32im/circuit/src/extension.rs:652:9
    |
624 |     ) -> Result<(), ChipInventoryError> {
    |          ------------------------------ expected `Result<(), ChipInventoryError>` because of return type
...
652 |         Ok(inventory)
    |         ^^^^^^^^^^^^^ expected `Result<(), ChipInventoryError>`, found `Result<&mut ..., ...>`
    |
    = note: expected enum `Result<(), ChipInventoryError>`
               found enum `Result<&mut openvm_circuit::arch::ChipInventory<SC, RA, CpuBackend<SC>>, ErrReport>`

Some errors have detailed explanations: E0034, E0107, E0204, E0277, E0282, E0283, E0308, E0392, E0412...
For more information about an error, try `rustc --explain E0034`.
warning: `openvm-rv32im-circuit` (lib) generated 30 warnings
error: could not compile `openvm-rv32im-circuit` (lib) due to 158 previous errors; 30 warnings emitted
